<?xml version="1.0" encoding="utf-8"?>
<CoverageSession>
  <Summary numSequencePoints="1441" visitedSequencePoints="481" numBranchPoints="462" visitedBranchPoints="202" sequenceCoverage="33.37" branchCoverage="43.72" maxCyclomaticComplexity="587" minCyclomaticComplexity="587" visitedClasses="17" numClasses="76" visitedMethods="65" numMethods="176" />
  <Modules>
    <Module hash="ED80293B-F7A1-4DE2-A100-43F0EDCB78F1">
      <ModulePath>RGBDS2CIL.dll</ModulePath>
      <ModuleTime>2022-01-06T10:01:08</ModuleTime>
      <ModuleName>RGBDS2CIL</ModuleName>
      <Files>
        <File uid="1" fullPath="C:\Users\pierc\source\repos\archanox\RGBDS2CIL\RGBDS2CIL\CIL.cs" />
        <File uid="2" fullPath="C:\Users\pierc\source\repos\archanox\RGBDS2CIL\RGBDS2CIL\CSharp.cs" />
        <File uid="3" fullPath="C:\Users\pierc\source\repos\archanox\RGBDS2CIL\RGBDS2CIL\Lines\AddLine.cs" />
        <File uid="4" fullPath="C:\Users\pierc\source\repos\archanox\RGBDS2CIL\RGBDS2CIL\Lines\AndLine.cs" />
        <File uid="5" fullPath="C:\Users\pierc\source\repos\archanox\RGBDS2CIL\RGBDS2CIL\Lines\AssertLine.cs" />
        <File uid="6" fullPath="C:\Users\pierc\source\repos\archanox\RGBDS2CIL\RGBDS2CIL\Lines\BitLine.cs" />
        <File uid="7" fullPath="C:\Users\pierc\source\repos\archanox\RGBDS2CIL\RGBDS2CIL\Lines\CallLine.cs" />
        <File uid="8" fullPath="C:\Users\pierc\source\repos\archanox\RGBDS2CIL\RGBDS2CIL\Lines\CharMapLine.cs" />
        <File uid="9" fullPath="C:\Users\pierc\source\repos\archanox\RGBDS2CIL\RGBDS2CIL\Lines\CodeLine.cs" />
        <File uid="10" fullPath="C:\Users\pierc\source\repos\archanox\RGBDS2CIL\RGBDS2CIL\Lines\CommentLine.cs" />
        <File uid="11" fullPath="C:\Users\pierc\source\repos\archanox\RGBDS2CIL\RGBDS2CIL\Lines\ComplementCarryFlagLine.cs" />
        <File uid="12" fullPath="C:\Users\pierc\source\repos\archanox\RGBDS2CIL\RGBDS2CIL\Lines\ComplementLine.cs" />
        <File uid="13" fullPath="C:\Users\pierc\source\repos\archanox\RGBDS2CIL\RGBDS2CIL\Lines\ConstantAssignLine.cs" />
        <File uid="14" fullPath="C:\Users\pierc\source\repos\archanox\RGBDS2CIL\RGBDS2CIL\Lines\ConstantLine.cs" />
        <File uid="15" fullPath="C:\Users\pierc\source\repos\archanox\RGBDS2CIL\RGBDS2CIL\Lines\DecimalAdjustAccumulatorLine.cs" />
        <File uid="16" fullPath="C:\Users\pierc\source\repos\archanox\RGBDS2CIL\RGBDS2CIL\Lines\DeclareSpaceLine.cs" />
        <File uid="17" fullPath="C:\Users\pierc\source\repos\archanox\RGBDS2CIL\RGBDS2CIL\Lines\DecrementLine.cs" />
        <File uid="18" fullPath="C:\Users\pierc\source\repos\archanox\RGBDS2CIL\RGBDS2CIL\Lines\DefineLine.cs" />
        <File uid="19" fullPath="C:\Users\pierc\source\repos\archanox\RGBDS2CIL\RGBDS2CIL\Lines\DisableInterruptsLine.cs" />
        <File uid="20" fullPath="C:\Users\pierc\source\repos\archanox\RGBDS2CIL\RGBDS2CIL\Lines\ElseLine.cs" />
        <File uid="21" fullPath="C:\Users\pierc\source\repos\archanox\RGBDS2CIL\RGBDS2CIL\Lines\EnableInterruptsLine.cs" />
        <File uid="22" fullPath="C:\Users\pierc\source\repos\archanox\RGBDS2CIL\RGBDS2CIL\Lines\EndConditionLine.cs" />
        <File uid="23" fullPath="C:\Users\pierc\source\repos\archanox\RGBDS2CIL\RGBDS2CIL\Lines\EndLoadLine.cs" />
        <File uid="24" fullPath="C:\Users\pierc\source\repos\archanox\RGBDS2CIL\RGBDS2CIL\Lines\EndMacroLine.cs" />
        <File uid="25" fullPath="C:\Users\pierc\source\repos\archanox\RGBDS2CIL\RGBDS2CIL\Lines\EndRepeatLine.cs" />
        <File uid="26" fullPath="C:\Users\pierc\source\repos\archanox\RGBDS2CIL\RGBDS2CIL\Lines\ExclusiveOrLine.cs" />
        <File uid="27" fullPath="C:\Users\pierc\source\repos\archanox\RGBDS2CIL\RGBDS2CIL\Lines\FailLine.cs" />
        <File uid="28" fullPath="C:\Users\pierc\source\repos\archanox\RGBDS2CIL\RGBDS2CIL\Lines\HaltLine.cs" />
        <File uid="29" fullPath="C:\Users\pierc\source\repos\archanox\RGBDS2CIL\RGBDS2CIL\Lines\IfLine.cs" />
        <File uid="30" fullPath="C:\Users\pierc\source\repos\archanox\RGBDS2CIL\RGBDS2CIL\Lines\IncludeLine.cs" />
        <File uid="31" fullPath="C:\Users\pierc\source\repos\archanox\RGBDS2CIL\RGBDS2CIL\Lines\IncrementLine.cs" />
        <File uid="32" fullPath="C:\Users\pierc\source\repos\archanox\RGBDS2CIL\RGBDS2CIL\Lines\JumpLine.cs" />
        <File uid="33" fullPath="C:\Users\pierc\source\repos\archanox\RGBDS2CIL\RGBDS2CIL\Lines\LabelCallLine.cs" />
        <File uid="34" fullPath="C:\Users\pierc\source\repos\archanox\RGBDS2CIL\RGBDS2CIL\Lines\LabelLine.cs" />
        <File uid="35" fullPath="C:\Users\pierc\source\repos\archanox\RGBDS2CIL\RGBDS2CIL\Lines\Load2Line.cs" />
        <File uid="36" fullPath="C:\Users\pierc\source\repos\archanox\RGBDS2CIL\RGBDS2CIL\Lines\LoadHighLine.cs" />
        <File uid="37" fullPath="C:\Users\pierc\source\repos\archanox\RGBDS2CIL\RGBDS2CIL\Lines\LoadLine.cs" />
        <File uid="38" fullPath="C:\Users\pierc\source\repos\archanox\RGBDS2CIL\RGBDS2CIL\Lines\MacroArgumentLine.cs" />
        <File uid="39" fullPath="C:\Users\pierc\source\repos\archanox\RGBDS2CIL\RGBDS2CIL\Lines\MacroCallLine.cs" />
        <File uid="40" fullPath="C:\Users\pierc\source\repos\archanox\RGBDS2CIL\RGBDS2CIL\Lines\MacroLine.cs" />
        <File uid="41" fullPath="C:\Users\pierc\source\repos\archanox\RGBDS2CIL\RGBDS2CIL\Lines\NopLine.cs" />
        <File uid="42" fullPath="C:\Users\pierc\source\repos\archanox\RGBDS2CIL\RGBDS2CIL\Lines\OptionLine.cs" />
        <File uid="43" fullPath="C:\Users\pierc\source\repos\archanox\RGBDS2CIL\RGBDS2CIL\Lines\OrLine.cs" />
        <File uid="44" fullPath="C:\Users\pierc\source\repos\archanox\RGBDS2CIL\RGBDS2CIL\Lines\PopLine.cs" />
        <File uid="45" fullPath="C:\Users\pierc\source\repos\archanox\RGBDS2CIL\RGBDS2CIL\Lines\PopOptionLine.cs" />
        <File uid="46" fullPath="C:\Users\pierc\source\repos\archanox\RGBDS2CIL\RGBDS2CIL\Lines\PurgeLine.cs" />
        <File uid="47" fullPath="C:\Users\pierc\source\repos\archanox\RGBDS2CIL\RGBDS2CIL\Lines\PushLine.cs" />
        <File uid="48" fullPath="C:\Users\pierc\source\repos\archanox\RGBDS2CIL\RGBDS2CIL\Lines\PushOptionLine.cs" />
        <File uid="49" fullPath="C:\Users\pierc\source\repos\archanox\RGBDS2CIL\RGBDS2CIL\Lines\RelativeJumpLine.cs" />
        <File uid="50" fullPath="C:\Users\pierc\source\repos\archanox\RGBDS2CIL\RGBDS2CIL\Lines\RepeatLine.cs" />
        <File uid="51" fullPath="C:\Users\pierc\source\repos\archanox\RGBDS2CIL\RGBDS2CIL\Lines\ResetByteLine.cs" />
        <File uid="52" fullPath="C:\Users\pierc\source\repos\archanox\RGBDS2CIL\RGBDS2CIL\Lines\RestartLine.cs" />
        <File uid="53" fullPath="C:\Users\pierc\source\repos\archanox\RGBDS2CIL\RGBDS2CIL\Lines\ReturnLine.cs" />
        <File uid="54" fullPath="C:\Users\pierc\source\repos\archanox\RGBDS2CIL\RGBDS2CIL\Lines\RotateALeftLine.cs" />
        <File uid="55" fullPath="C:\Users\pierc\source\repos\archanox\RGBDS2CIL\RGBDS2CIL\Lines\RotateLeftLine.cs" />
        <File uid="56" fullPath="C:\Users\pierc\source\repos\archanox\RGBDS2CIL\RGBDS2CIL\Lines\RotateRegisterALeftLine.cs" />
        <File uid="57" fullPath="C:\Users\pierc\source\repos\archanox\RGBDS2CIL\RGBDS2CIL\Lines\RotateRegisterARightLine.cs" />
        <File uid="58" fullPath="C:\Users\pierc\source\repos\archanox\RGBDS2CIL\RGBDS2CIL\Lines\RotateRegisterLeftLine.cs" />
        <File uid="59" fullPath="C:\Users\pierc\source\repos\archanox\RGBDS2CIL\RGBDS2CIL\Lines\RotateRegisterRightLine.cs" />
        <File uid="60" fullPath="C:\Users\pierc\source\repos\archanox\RGBDS2CIL\RGBDS2CIL\Lines\SectionLine.cs" />
        <File uid="61" fullPath="C:\Users\pierc\source\repos\archanox\RGBDS2CIL\RGBDS2CIL\Lines\SetCarryFlagLine.cs" />
        <File uid="62" fullPath="C:\Users\pierc\source\repos\archanox\RGBDS2CIL\RGBDS2CIL\Lines\ShiftLeftArithmeticLine.cs" />
        <File uid="63" fullPath="C:\Users\pierc\source\repos\archanox\RGBDS2CIL\RGBDS2CIL\Lines\ShiftLine.cs" />
        <File uid="64" fullPath="C:\Users\pierc\source\repos\archanox\RGBDS2CIL\RGBDS2CIL\Lines\ShiftRightArithmeticLine.cs" />
        <File uid="65" fullPath="C:\Users\pierc\source\repos\archanox\RGBDS2CIL\RGBDS2CIL\Lines\ShiftRightLogicLine.cs" />
        <File uid="66" fullPath="C:\Users\pierc\source\repos\archanox\RGBDS2CIL\RGBDS2CIL\Lines\StopLine.cs" />
        <File uid="67" fullPath="C:\Users\pierc\source\repos\archanox\RGBDS2CIL\RGBDS2CIL\Lines\SubtractCompareLine.cs" />
        <File uid="68" fullPath="C:\Users\pierc\source\repos\archanox\RGBDS2CIL\RGBDS2CIL\Lines\SubtractLine.cs" />
        <File uid="69" fullPath="C:\Users\pierc\source\repos\archanox\RGBDS2CIL\RGBDS2CIL\Lines\SwapLine.cs" />
        <File uid="70" fullPath="C:\Users\pierc\source\repos\archanox\RGBDS2CIL\RGBDS2CIL\Lines\VariableLine.cs" />
        <File uid="71" fullPath="C:\Users\pierc\source\repos\archanox\RGBDS2CIL\RGBDS2CIL\Lines\WarnLine.cs" />
        <File uid="72" fullPath="C:\Users\pierc\source\repos\archanox\RGBDS2CIL\RGBDS2CIL\MyExtensions.cs" />
        <File uid="73" fullPath="C:\Users\pierc\source\repos\archanox\RGBDS2CIL\RGBDS2CIL\Parser.cs" />
        <File uid="74" fullPath="C:\Users\pierc\source\repos\archanox\RGBDS2CIL\RGBDS2CIL\Program.cs" />
        <File uid="75" fullPath="C:\Users\pierc\source\repos\archanox\RGBDS2CIL\RGBDS2CIL\Restructure.cs" />
      </Files>
      <Classes>
        <Class>
          <Summary numSequencePoints="106" visitedSequencePoints="0" numBranchPoints="0" visitedBranchPoints="0" sequenceCoverage="0" branchCoverage="100" maxCyclomaticComplexity="1" minCyclomaticComplexity="1" visitedClasses="0" numClasses="1" visitedMethods="0" numMethods="2" />
          <FullName>RGBDS2CIL.Cil</FullName>
          <Methods>
            <Method cyclomaticComplexity="1" nPathComplexity="1" sequenceCoverage="0" branchCoverage="100" isConstructor="False" isGetter="False" isSetter="False" isStatic="True">
              <Summary numSequencePoints="89" visitedSequencePoints="0" numBranchPoints="0" visitedBranchPoints="0" sequenceCoverage="0" branchCoverage="100" maxCyclomaticComplexity="1" minCyclomaticComplexity="1" visitedClasses="0" numClasses="0" visitedMethods="0" numMethods="1" />
              <MetadataToken />
              <Name>System.Void RGBDS2CIL.Cil::GenerateCil()</Name>
              <FileRef uid="1" />
              <SequencePoints>
                <SequencePoint vc="0" uspid="15" ordinal="0" sl="15" sc="1" el="15" ec="2" bec="0" bev="0" fileid="1" />
                <SequencePoint vc="0" uspid="16" ordinal="1" sl="16" sc="1" el="16" ec="2" bec="0" bev="0" fileid="1" />
                <SequencePoint vc="0" uspid="17" ordinal="2" sl="17" sc="1" el="17" ec="2" bec="0" bev="0" fileid="1" />
                <SequencePoint vc="0" uspid="18" ordinal="3" sl="18" sc="1" el="18" ec="2" bec="0" bev="0" fileid="1" />
                <SequencePoint vc="0" uspid="19" ordinal="4" sl="19" sc="1" el="19" ec="2" bec="0" bev="0" fileid="1" />
                <SequencePoint vc="0" uspid="20" ordinal="5" sl="20" sc="1" el="20" ec="2" bec="0" bev="0" fileid="1" />
                <SequencePoint vc="0" uspid="24" ordinal="6" sl="24" sc="1" el="24" ec="2" bec="0" bev="0" fileid="1" />
                <SequencePoint vc="0" uspid="25" ordinal="7" sl="25" sc="1" el="25" ec="2" bec="0" bev="0" fileid="1" />
                <SequencePoint vc="0" uspid="27" ordinal="8" sl="27" sc="1" el="27" ec="2" bec="0" bev="0" fileid="1" />
                <SequencePoint vc="0" uspid="28" ordinal="9" sl="28" sc="1" el="28" ec="2" bec="0" bev="0" fileid="1" />
                <SequencePoint vc="0" uspid="29" ordinal="10" sl="29" sc="1" el="29" ec="2" bec="0" bev="0" fileid="1" />
                <SequencePoint vc="0" uspid="32" ordinal="11" sl="32" sc="1" el="32" ec="2" bec="0" bev="0" fileid="1" />
                <SequencePoint vc="0" uspid="33" ordinal="12" sl="33" sc="1" el="33" ec="2" bec="0" bev="0" fileid="1" />
                <SequencePoint vc="0" uspid="34" ordinal="13" sl="34" sc="1" el="34" ec="2" bec="0" bev="0" fileid="1" />
                <SequencePoint vc="0" uspid="35" ordinal="14" sl="35" sc="1" el="35" ec="2" bec="0" bev="0" fileid="1" />
                <SequencePoint vc="0" uspid="39" ordinal="15" sl="39" sc="1" el="39" ec="2" bec="0" bev="0" fileid="1" />
                <SequencePoint vc="0" uspid="40" ordinal="16" sl="40" sc="1" el="40" ec="2" bec="0" bev="0" fileid="1" />
                <SequencePoint vc="0" uspid="41" ordinal="17" sl="41" sc="1" el="41" ec="2" bec="0" bev="0" fileid="1" />
                <SequencePoint vc="0" uspid="42" ordinal="18" sl="42" sc="1" el="42" ec="2" bec="0" bev="0" fileid="1" />
                <SequencePoint vc="0" uspid="43" ordinal="19" sl="43" sc="1" el="43" ec="2" bec="0" bev="0" fileid="1" />
                <SequencePoint vc="0" uspid="45" ordinal="20" sl="45" sc="1" el="45" ec="2" bec="0" bev="0" fileid="1" />
                <SequencePoint vc="0" uspid="51" ordinal="21" sl="51" sc="1" el="51" ec="2" bec="0" bev="0" fileid="1" />
                <SequencePoint vc="0" uspid="52" ordinal="22" sl="52" sc="1" el="52" ec="2" bec="0" bev="0" fileid="1" />
                <SequencePoint vc="0" uspid="55" ordinal="23" sl="55" sc="1" el="55" ec="2" bec="0" bev="0" fileid="1" />
                <SequencePoint vc="0" uspid="56" ordinal="24" sl="56" sc="1" el="56" ec="2" bec="0" bev="0" fileid="1" />
                <SequencePoint vc="0" uspid="57" ordinal="25" sl="57" sc="1" el="57" ec="2" bec="0" bev="0" fileid="1" />
                <SequencePoint vc="0" uspid="58" ordinal="26" sl="58" sc="1" el="58" ec="2" bec="0" bev="0" fileid="1" />
                <SequencePoint vc="0" uspid="64" ordinal="27" sl="64" sc="1" el="64" ec="2" bec="0" bev="0" fileid="1" />
                <SequencePoint vc="0" uspid="65" ordinal="28" sl="65" sc="1" el="65" ec="2" bec="0" bev="0" fileid="1" />
                <SequencePoint vc="0" uspid="66" ordinal="29" sl="66" sc="1" el="66" ec="2" bec="0" bev="0" fileid="1" />
                <SequencePoint vc="0" uspid="67" ordinal="30" sl="67" sc="1" el="67" ec="2" bec="0" bev="0" fileid="1" />
                <SequencePoint vc="0" uspid="69" ordinal="31" sl="69" sc="1" el="69" ec="2" bec="0" bev="0" fileid="1" />
                <SequencePoint vc="0" uspid="73" ordinal="32" sl="73" sc="1" el="73" ec="2" bec="0" bev="0" fileid="1" />
                <SequencePoint vc="0" uspid="74" ordinal="33" sl="74" sc="1" el="74" ec="2" bec="0" bev="0" fileid="1" />
                <SequencePoint vc="0" uspid="75" ordinal="34" sl="75" sc="1" el="75" ec="2" bec="0" bev="0" fileid="1" />
                <SequencePoint vc="0" uspid="76" ordinal="35" sl="76" sc="1" el="76" ec="2" bec="0" bev="0" fileid="1" />
                <SequencePoint vc="0" uspid="85" ordinal="36" sl="85" sc="1" el="85" ec="2" bec="0" bev="0" fileid="1" />
                <SequencePoint vc="0" uspid="86" ordinal="37" sl="86" sc="1" el="86" ec="2" bec="0" bev="0" fileid="1" />
                <SequencePoint vc="0" uspid="87" ordinal="38" sl="87" sc="1" el="87" ec="2" bec="0" bev="0" fileid="1" />
                <SequencePoint vc="0" uspid="88" ordinal="39" sl="88" sc="1" el="88" ec="2" bec="0" bev="0" fileid="1" />
                <SequencePoint vc="0" uspid="89" ordinal="40" sl="89" sc="1" el="89" ec="2" bec="0" bev="0" fileid="1" />
                <SequencePoint vc="0" uspid="99" ordinal="41" sl="99" sc="1" el="99" ec="2" bec="0" bev="0" fileid="1" />
                <SequencePoint vc="0" uspid="100" ordinal="42" sl="100" sc="1" el="100" ec="2" bec="0" bev="0" fileid="1" />
                <SequencePoint vc="0" uspid="101" ordinal="43" sl="101" sc="1" el="101" ec="2" bec="0" bev="0" fileid="1" />
                <SequencePoint vc="0" uspid="102" ordinal="44" sl="102" sc="1" el="102" ec="2" bec="0" bev="0" fileid="1" />
                <SequencePoint vc="0" uspid="103" ordinal="45" sl="103" sc="1" el="103" ec="2" bec="0" bev="0" fileid="1" />
                <SequencePoint vc="0" uspid="105" ordinal="46" sl="105" sc="1" el="105" ec="2" bec="0" bev="0" fileid="1" />
                <SequencePoint vc="0" uspid="109" ordinal="47" sl="109" sc="1" el="109" ec="2" bec="0" bev="0" fileid="1" />
                <SequencePoint vc="0" uspid="110" ordinal="48" sl="110" sc="1" el="110" ec="2" bec="0" bev="0" fileid="1" />
                <SequencePoint vc="0" uspid="111" ordinal="49" sl="111" sc="1" el="111" ec="2" bec="0" bev="0" fileid="1" />
                <SequencePoint vc="0" uspid="115" ordinal="50" sl="115" sc="1" el="115" ec="2" bec="0" bev="0" fileid="1" />
                <SequencePoint vc="0" uspid="116" ordinal="51" sl="116" sc="1" el="116" ec="2" bec="0" bev="0" fileid="1" />
                <SequencePoint vc="0" uspid="117" ordinal="52" sl="117" sc="1" el="117" ec="2" bec="0" bev="0" fileid="1" />
                <SequencePoint vc="0" uspid="118" ordinal="53" sl="118" sc="1" el="118" ec="2" bec="0" bev="0" fileid="1" />
                <SequencePoint vc="0" uspid="119" ordinal="54" sl="119" sc="1" el="119" ec="2" bec="0" bev="0" fileid="1" />
                <SequencePoint vc="0" uspid="121" ordinal="55" sl="121" sc="1" el="121" ec="2" bec="0" bev="0" fileid="1" />
                <SequencePoint vc="0" uspid="124" ordinal="56" sl="124" sc="1" el="124" ec="2" bec="0" bev="0" fileid="1" />
                <SequencePoint vc="0" uspid="125" ordinal="57" sl="125" sc="1" el="125" ec="2" bec="0" bev="0" fileid="1" />
                <SequencePoint vc="0" uspid="126" ordinal="58" sl="126" sc="1" el="126" ec="2" bec="0" bev="0" fileid="1" />
                <SequencePoint vc="0" uspid="127" ordinal="59" sl="127" sc="1" el="127" ec="2" bec="0" bev="0" fileid="1" />
                <SequencePoint vc="0" uspid="131" ordinal="60" sl="131" sc="1" el="131" ec="2" bec="0" bev="0" fileid="1" />
                <SequencePoint vc="0" uspid="132" ordinal="61" sl="132" sc="1" el="132" ec="2" bec="0" bev="0" fileid="1" />
                <SequencePoint vc="0" uspid="137" ordinal="62" sl="137" sc="1" el="137" ec="2" bec="0" bev="0" fileid="1" />
                <SequencePoint vc="0" uspid="138" ordinal="63" sl="138" sc="1" el="138" ec="2" bec="0" bev="0" fileid="1" />
                <SequencePoint vc="0" uspid="139" ordinal="64" sl="139" sc="1" el="139" ec="2" bec="0" bev="0" fileid="1" />
                <SequencePoint vc="0" uspid="140" ordinal="65" sl="140" sc="1" el="140" ec="2" bec="0" bev="0" fileid="1" />
                <SequencePoint vc="0" uspid="141" ordinal="66" sl="141" sc="1" el="141" ec="2" bec="0" bev="0" fileid="1" />
                <SequencePoint vc="0" uspid="143" ordinal="67" sl="143" sc="1" el="143" ec="2" bec="0" bev="0" fileid="1" />
                <SequencePoint vc="0" uspid="149" ordinal="68" sl="149" sc="1" el="149" ec="2" bec="0" bev="0" fileid="1" />
                <SequencePoint vc="0" uspid="150" ordinal="69" sl="150" sc="1" el="150" ec="2" bec="0" bev="0" fileid="1" />
                <SequencePoint vc="0" uspid="151" ordinal="70" sl="151" sc="1" el="151" ec="2" bec="0" bev="0" fileid="1" />
                <SequencePoint vc="0" uspid="152" ordinal="71" sl="152" sc="1" el="152" ec="2" bec="0" bev="0" fileid="1" />
                <SequencePoint vc="0" uspid="153" ordinal="72" sl="153" sc="1" el="153" ec="2" bec="0" bev="0" fileid="1" />
                <SequencePoint vc="0" uspid="156" ordinal="73" sl="156" sc="1" el="156" ec="2" bec="0" bev="0" fileid="1" />
                <SequencePoint vc="0" uspid="164" ordinal="74" sl="164" sc="1" el="164" ec="2" bec="0" bev="0" fileid="1" />
                <SequencePoint vc="0" uspid="165" ordinal="75" sl="165" sc="1" el="165" ec="2" bec="0" bev="0" fileid="1" />
                <SequencePoint vc="0" uspid="166" ordinal="76" sl="166" sc="1" el="166" ec="2" bec="0" bev="0" fileid="1" />
                <SequencePoint vc="0" uspid="168" ordinal="77" sl="168" sc="1" el="168" ec="2" bec="0" bev="0" fileid="1" />
                <SequencePoint vc="0" uspid="170" ordinal="78" sl="170" sc="1" el="170" ec="2" bec="0" bev="0" fileid="1" />
                <SequencePoint vc="0" uspid="171" ordinal="79" sl="171" sc="1" el="171" ec="2" bec="0" bev="0" fileid="1" />
                <SequencePoint vc="0" uspid="175" ordinal="80" sl="175" sc="1" el="175" ec="2" bec="0" bev="0" fileid="1" />
                <SequencePoint vc="0" uspid="180" ordinal="81" sl="180" sc="1" el="180" ec="2" bec="0" bev="0" fileid="1" />
                <SequencePoint vc="0" uspid="181" ordinal="82" sl="181" sc="1" el="181" ec="2" bec="0" bev="0" fileid="1" />
                <SequencePoint vc="0" uspid="182" ordinal="83" sl="182" sc="1" el="182" ec="2" bec="0" bev="0" fileid="1" />
                <SequencePoint vc="0" uspid="187" ordinal="84" sl="187" sc="1" el="187" ec="2" bec="0" bev="0" fileid="1" />
                <SequencePoint vc="0" uspid="188" ordinal="85" sl="188" sc="1" el="188" ec="2" bec="0" bev="0" fileid="1" />
                <SequencePoint vc="0" uspid="195" ordinal="86" sl="195" sc="1" el="195" ec="2" bec="0" bev="0" fileid="1" />
                <SequencePoint vc="0" uspid="196" ordinal="87" sl="196" sc="1" el="196" ec="2" bec="0" bev="0" fileid="1" />
                <SequencePoint vc="0" uspid="197" ordinal="88" sl="197" sc="1" el="197" ec="2" bec="0" bev="0" fileid="1" />
              </SequencePoints>
              <BranchPoints />
              <MethodPoint vc="0" uspid="0" p8:type="SequencePoint" ordinal="0" offset="0" sc="0" sl="15" ec="1" el="197" bec="0" bev="0" fileid="1" xmlns:p8="xsi" />
            </Method>
            <Method cyclomaticComplexity="1" nPathComplexity="1" sequenceCoverage="0" branchCoverage="100" isConstructor="False" isGetter="False" isSetter="False" isStatic="True">
              <Summary numSequencePoints="17" visitedSequencePoints="0" numBranchPoints="0" visitedBranchPoints="0" sequenceCoverage="0" branchCoverage="100" maxCyclomaticComplexity="1" minCyclomaticComplexity="1" visitedClasses="0" numClasses="0" visitedMethods="0" numMethods="1" />
              <MetadataToken />
              <Name>System.Void RGBDS2CIL.Cil::GetCil(System.String)</Name>
              <FileRef uid="1" />
              <SequencePoints>
                <SequencePoint vc="0" uspid="200" ordinal="0" sl="200" sc="1" el="200" ec="2" bec="0" bev="0" fileid="1" />
                <SequencePoint vc="0" uspid="202" ordinal="1" sl="202" sc="1" el="202" ec="2" bec="0" bev="0" fileid="1" />
                <SequencePoint vc="0" uspid="203" ordinal="2" sl="203" sc="1" el="203" ec="2" bec="0" bev="0" fileid="1" />
                <SequencePoint vc="0" uspid="204" ordinal="3" sl="204" sc="1" el="204" ec="2" bec="0" bev="0" fileid="1" />
                <SequencePoint vc="0" uspid="205" ordinal="4" sl="205" sc="1" el="205" ec="2" bec="0" bev="0" fileid="1" />
                <SequencePoint vc="0" uspid="206" ordinal="5" sl="206" sc="1" el="206" ec="2" bec="0" bev="0" fileid="1" />
                <SequencePoint vc="0" uspid="207" ordinal="6" sl="207" sc="1" el="207" ec="2" bec="0" bev="0" fileid="1" />
                <SequencePoint vc="0" uspid="208" ordinal="7" sl="208" sc="1" el="208" ec="2" bec="0" bev="0" fileid="1" />
                <SequencePoint vc="0" uspid="209" ordinal="8" sl="209" sc="1" el="209" ec="2" bec="0" bev="0" fileid="1" />
                <SequencePoint vc="0" uspid="210" ordinal="9" sl="210" sc="1" el="210" ec="2" bec="0" bev="0" fileid="1" />
                <SequencePoint vc="0" uspid="211" ordinal="10" sl="211" sc="1" el="211" ec="2" bec="0" bev="0" fileid="1" />
                <SequencePoint vc="0" uspid="212" ordinal="11" sl="212" sc="1" el="212" ec="2" bec="0" bev="0" fileid="1" />
                <SequencePoint vc="0" uspid="213" ordinal="12" sl="213" sc="1" el="213" ec="2" bec="0" bev="0" fileid="1" />
                <SequencePoint vc="0" uspid="214" ordinal="13" sl="214" sc="1" el="214" ec="2" bec="0" bev="0" fileid="1" />
                <SequencePoint vc="0" uspid="216" ordinal="14" sl="216" sc="1" el="216" ec="2" bec="0" bev="0" fileid="1" />
                <SequencePoint vc="0" uspid="217" ordinal="15" sl="217" sc="1" el="217" ec="2" bec="0" bev="0" fileid="1" />
                <SequencePoint vc="0" uspid="218" ordinal="16" sl="218" sc="1" el="218" ec="2" bec="0" bev="0" fileid="1" />
              </SequencePoints>
              <BranchPoints />
              <MethodPoint vc="0" uspid="0" p8:type="SequencePoint" ordinal="1" offset="1" sc="0" sl="200" ec="1" el="218" bec="0" bev="0" fileid="1" xmlns:p8="xsi" />
            </Method>
          </Methods>
        </Class>
        <Class>
          <Summary numSequencePoints="57" visitedSequencePoints="46" numBranchPoints="28" visitedBranchPoints="19" sequenceCoverage="80.7" branchCoverage="67.85" maxCyclomaticComplexity="20" minCyclomaticComplexity="8" visitedClasses="1" numClasses="1" visitedMethods="2" numMethods="2" />
          <FullName>RGBDS2CIL.CSharp</FullName>
          <Methods>
            <Method cyclomaticComplexity="8" nPathComplexity="8" sequenceCoverage="73.52" branchCoverage="62.5" isConstructor="False" isGetter="False" isSetter="False" isStatic="True">
              <Summary numSequencePoints="34" visitedSequencePoints="25" numBranchPoints="8" visitedBranchPoints="5" sequenceCoverage="73.52" branchCoverage="62.5" maxCyclomaticComplexity="8" minCyclomaticComplexity="8" visitedClasses="0" numClasses="0" visitedMethods="1" numMethods="1" />
              <MetadataToken />
              <Name>System.String RGBDS2CIL.CSharp::GenerateCsharp(System.String,System.Collections.Generic.List`1&lt;RGBDS2CIL.IAsmLine&gt;,System.String)</Name>
              <FileRef uid="2" />
              <SequencePoints>
                <SequencePoint vc="2" uspid="15" ordinal="0" sl="15" sc="1" el="15" ec="2" bec="0" bev="0" fileid="2" />
                <SequencePoint vc="2" uspid="16" ordinal="1" sl="16" sc="1" el="16" ec="2" bec="0" bev="0" fileid="2" />
                <SequencePoint vc="2" uspid="18" ordinal="2" sl="18" sc="1" el="18" ec="2" bec="0" bev="0" fileid="2" />
                <SequencePoint vc="2" uspid="20" ordinal="3" sl="20" sc="1" el="20" ec="2" bec="0" bev="0" fileid="2" />
                <SequencePoint vc="2" uspid="22" ordinal="4" sl="22" sc="1" el="22" ec="2" bec="0" bev="0" fileid="2" />
                <SequencePoint vc="6" uspid="23" ordinal="5" sl="23" sc="1" el="23" ec="2" bec="2" bev="1" fileid="2" />
                <SequencePoint vc="0" uspid="24" ordinal="6" sl="24" sc="1" el="24" ec="2" bec="0" bev="0" fileid="2" />
                <SequencePoint vc="0" uspid="25" ordinal="7" sl="25" sc="1" el="25" ec="2" bec="0" bev="0" fileid="2" />
                <SequencePoint vc="0" uspid="26" ordinal="8" sl="26" sc="1" el="26" ec="2" bec="0" bev="0" fileid="2" />
                <SequencePoint vc="2" uspid="28" ordinal="9" sl="28" sc="1" el="28" ec="2" bec="2" bev="1" fileid="2" />
                <SequencePoint vc="0" uspid="29" ordinal="10" sl="29" sc="1" el="29" ec="2" bec="0" bev="0" fileid="2" />
                <SequencePoint vc="6" uspid="31" ordinal="11" sl="31" sc="1" el="31" ec="2" bec="2" bev="1" fileid="2" />
                <SequencePoint vc="0" uspid="32" ordinal="12" sl="32" sc="1" el="32" ec="2" bec="0" bev="0" fileid="2" />
                <SequencePoint vc="0" uspid="33" ordinal="13" sl="33" sc="1" el="33" ec="2" bec="0" bev="0" fileid="2" />
                <SequencePoint vc="0" uspid="34" ordinal="14" sl="34" sc="1" el="34" ec="2" bec="0" bev="0" fileid="2" />
                <SequencePoint vc="0" uspid="35" ordinal="15" sl="35" sc="1" el="35" ec="2" bec="0" bev="0" fileid="2" />
                <SequencePoint vc="0" uspid="36" ordinal="16" sl="36" sc="1" el="36" ec="2" bec="0" bev="0" fileid="2" />
                <SequencePoint vc="2" uspid="40" ordinal="17" sl="40" sc="1" el="40" ec="2" bec="0" bev="0" fileid="2" />
                <SequencePoint vc="2" uspid="42" ordinal="18" sl="42" sc="1" el="42" ec="2" bec="0" bev="0" fileid="2" />
                <SequencePoint vc="2" uspid="43" ordinal="19" sl="43" sc="1" el="43" ec="2" bec="0" bev="0" fileid="2" />
                <SequencePoint vc="2" uspid="44" ordinal="20" sl="44" sc="1" el="44" ec="2" bec="0" bev="0" fileid="2" />
                <SequencePoint vc="2" uspid="45" ordinal="21" sl="45" sc="1" el="45" ec="2" bec="0" bev="0" fileid="2" />
                <SequencePoint vc="2" uspid="46" ordinal="22" sl="46" sc="1" el="46" ec="2" bec="0" bev="0" fileid="2" />
                <SequencePoint vc="2" uspid="47" ordinal="23" sl="47" sc="1" el="47" ec="2" bec="0" bev="0" fileid="2" />
                <SequencePoint vc="2" uspid="48" ordinal="24" sl="48" sc="1" el="48" ec="2" bec="0" bev="0" fileid="2" />
                <SequencePoint vc="2" uspid="49" ordinal="25" sl="49" sc="1" el="49" ec="2" bec="0" bev="0" fileid="2" />
                <SequencePoint vc="10" uspid="51" ordinal="26" sl="51" sc="1" el="51" ec="2" bec="2" bev="2" fileid="2" />
                <SequencePoint vc="2" uspid="52" ordinal="27" sl="52" sc="1" el="52" ec="2" bec="0" bev="0" fileid="2" />
                <SequencePoint vc="2" uspid="53" ordinal="28" sl="53" sc="1" el="53" ec="2" bec="0" bev="0" fileid="2" />
                <SequencePoint vc="2" uspid="54" ordinal="29" sl="54" sc="1" el="54" ec="2" bec="0" bev="0" fileid="2" />
                <SequencePoint vc="2" uspid="56" ordinal="30" sl="56" sc="1" el="56" ec="2" bec="0" bev="0" fileid="2" />
                <SequencePoint vc="2" uspid="57" ordinal="31" sl="57" sc="1" el="57" ec="2" bec="0" bev="0" fileid="2" />
                <SequencePoint vc="2" uspid="59" ordinal="32" sl="59" sc="1" el="59" ec="2" bec="0" bev="0" fileid="2" />
                <SequencePoint vc="2" uspid="60" ordinal="33" sl="60" sc="1" el="60" ec="2" bec="0" bev="0" fileid="2" />
              </SequencePoints>
              <BranchPoints>
                <BranchPoint vc="0" uspid="23" ordinal="1" path="1" offset="255" offsetend="170" sl="23" fileid="2" />
                <BranchPoint vc="2" uspid="23" ordinal="0" path="0" offset="255" offsetend="257" sl="23" fileid="2" />
                <BranchPoint vc="0" uspid="28" ordinal="2" path="0" offset="282" offsetend="284" sl="28" fileid="2" />
                <BranchPoint vc="2" uspid="28" ordinal="3" path="1" offset="282" offsetend="291" sl="28" fileid="2" />
                <BranchPoint vc="0" uspid="31" ordinal="5" path="1" offset="408" offsetend="338" sl="31" fileid="2" />
                <BranchPoint vc="2" uspid="31" ordinal="4" path="0" offset="408" offsetend="410" sl="31" fileid="2" />
                <BranchPoint vc="2" uspid="51" ordinal="7" path="1" offset="585" offsetend="551" sl="51" fileid="2" />
                <BranchPoint vc="2" uspid="51" ordinal="6" path="0" offset="585" offsetend="587" sl="51" fileid="2" />
              </BranchPoints>
              <MethodPoint vc="25" uspid="0" p8:type="SequencePoint" ordinal="0" offset="0" sc="0" sl="15" ec="1" el="60" bec="0" bev="0" fileid="2" xmlns:p8="xsi" />
            </Method>
            <Method cyclomaticComplexity="20" nPathComplexity="20" sequenceCoverage="91.3" branchCoverage="70" isConstructor="False" isGetter="False" isSetter="False" isStatic="True">
              <Summary numSequencePoints="23" visitedSequencePoints="21" numBranchPoints="20" visitedBranchPoints="14" sequenceCoverage="91.3" branchCoverage="70" maxCyclomaticComplexity="20" minCyclomaticComplexity="20" visitedClasses="0" numClasses="0" visitedMethods="1" numMethods="1" />
              <MetadataToken />
              <Name>System.String RGBDS2CIL.CSharp::ReplaceDataTypesInString(System.String)</Name>
              <FileRef uid="2" />
              <SequencePoints>
                <SequencePoint vc="46" uspid="63" ordinal="0" sl="63" sc="1" el="63" ec="2" bec="0" bev="0" fileid="2" />
                <SequencePoint vc="46" uspid="64" ordinal="1" sl="64" sc="1" el="64" ec="2" bec="2" bev="1" fileid="2" />
                <SequencePoint vc="47" uspid="65" ordinal="2" sl="65" sc="1" el="65" ec="2" bec="4" bev="4" fileid="2" />
                <SequencePoint vc="45" uspid="68" ordinal="3" sl="68" sc="1" el="68" ec="2" bec="0" bev="0" fileid="2" />
                <SequencePoint vc="45" uspid="69" ordinal="4" sl="69" sc="1" el="69" ec="2" bec="0" bev="0" fileid="2" />
                <SequencePoint vc="45" uspid="70" ordinal="5" sl="70" sc="1" el="70" ec="2" bec="0" bev="0" fileid="2" />
                <SequencePoint vc="45" uspid="71" ordinal="6" sl="71" sc="1" el="71" ec="2" bec="0" bev="0" fileid="2" />
                <SequencePoint vc="45" uspid="72" ordinal="7" sl="72" sc="1" el="72" ec="2" bec="0" bev="0" fileid="2" />
                <SequencePoint vc="45" uspid="73" ordinal="8" sl="73" sc="1" el="73" ec="2" bec="0" bev="0" fileid="2" />
                <SequencePoint vc="45" uspid="75" ordinal="9" sl="75" sc="1" el="75" ec="2" bec="0" bev="0" fileid="2" />
                <SequencePoint vc="315" uspid="76" ordinal="10" sl="76" sc="1" el="76" ec="2" bec="2" bev="2" fileid="2" />
                <SequencePoint vc="90" uspid="77" ordinal="11" sl="77" sc="1" el="77" ec="2" bec="0" bev="0" fileid="2" />
                <SequencePoint vc="90" uspid="78" ordinal="12" sl="78" sc="1" el="78" ec="2" bec="2" bev="2" fileid="2" />
                <SequencePoint vc="5" uspid="79" ordinal="13" sl="79" sc="1" el="79" ec="2" bec="0" bev="0" fileid="2" />
                <SequencePoint vc="85" uspid="80" ordinal="14" sl="80" sc="1" el="80" ec="2" bec="4" bev="2" fileid="2" />
                <SequencePoint vc="0" uspid="82" ordinal="15" sl="82" sc="1" el="82" ec="2" bec="0" bev="0" fileid="2" />
                <SequencePoint vc="85" uspid="83" ordinal="16" sl="83" sc="1" el="83" ec="2" bec="6" bev="3" fileid="2" />
                <SequencePoint vc="0" uspid="84" ordinal="17" sl="84" sc="1" el="84" ec="2" bec="0" bev="0" fileid="2" />
                <SequencePoint vc="85" uspid="86" ordinal="18" sl="86" sc="1" el="86" ec="2" bec="0" bev="0" fileid="2" />
                <SequencePoint vc="90" uspid="87" ordinal="19" sl="87" sc="1" el="87" ec="2" bec="0" bev="0" fileid="2" />
                <SequencePoint vc="45" uspid="89" ordinal="20" sl="89" sc="1" el="89" ec="2" bec="0" bev="0" fileid="2" />
                <SequencePoint vc="45" uspid="90" ordinal="21" sl="90" sc="1" el="90" ec="2" bec="0" bev="0" fileid="2" />
                <SequencePoint vc="46" uspid="91" ordinal="22" sl="91" sc="1" el="91" ec="2" bec="0" bev="0" fileid="2" />
              </SequencePoints>
              <BranchPoints>
                <BranchPoint vc="0" uspid="64" ordinal="0" path="0" offset="9" offsetend="11" sl="64" fileid="2" />
                <BranchPoint vc="46" uspid="64" ordinal="1" path="1" offset="9" offsetend="18" sl="64" fileid="2" />
                <BranchPoint vc="1" uspid="65" ordinal="2" path="0" offset="26" offsetend="28" sl="65" fileid="2" />
                <BranchPoint vc="45" uspid="65" ordinal="3" path="1" offset="26" offsetend="38" sl="65" fileid="2" />
                <BranchPoint vc="1" uspid="65" ordinal="4" path="0" offset="41" offsetend="43" sl="65" fileid="2" />
                <BranchPoint vc="45" uspid="65" ordinal="5" path="1" offset="41" offsetend="50" sl="65" fileid="2" />
                <BranchPoint vc="90" uspid="76" ordinal="19" path="1" offset="367" offsetend="154" sl="76" fileid="2" />
                <BranchPoint vc="5" uspid="78" ordinal="6" path="0" offset="175" offsetend="177" sl="78" fileid="2" />
                <BranchPoint vc="85" uspid="78" ordinal="7" path="1" offset="175" offsetend="209" sl="78" fileid="2" />
                <BranchPoint vc="0" uspid="80" ordinal="8" path="0" offset="218" offsetend="220" sl="80" fileid="2" />
                <BranchPoint vc="85" uspid="80" ordinal="9" path="1" offset="218" offsetend="232" sl="80" fileid="2" />
                <BranchPoint vc="0" uspid="80" ordinal="10" path="0" offset="237" offsetend="239" sl="80" fileid="2" />
                <BranchPoint vc="85" uspid="80" ordinal="11" path="1" offset="237" offsetend="268" sl="80" fileid="2" />
                <BranchPoint vc="0" uspid="83" ordinal="12" path="0" offset="277" offsetend="279" sl="83" fileid="2" />
                <BranchPoint vc="0" uspid="83" ordinal="14" path="0" offset="291" offsetend="293" sl="83" fileid="2" />
                <BranchPoint vc="85" uspid="83" ordinal="13" path="1" offset="277" offsetend="305" sl="83" fileid="2" />
                <BranchPoint vc="85" uspid="83" ordinal="15" path="1" offset="291" offsetend="305" sl="83" fileid="2" />
                <BranchPoint vc="0" uspid="83" ordinal="16" path="0" offset="310" offsetend="312" sl="83" fileid="2" />
                <BranchPoint vc="85" uspid="83" ordinal="17" path="1" offset="310" offsetend="345" sl="83" fileid="2" />
                <BranchPoint vc="45" uspid="76" ordinal="18" path="0" offset="367" offsetend="372" sl="76" fileid="2" />
              </BranchPoints>
              <MethodPoint vc="21" uspid="0" p8:type="SequencePoint" ordinal="1" offset="1" sc="0" sl="63" ec="1" el="91" bec="0" bev="0" fileid="2" xmlns:p8="xsi" />
            </Method>
          </Methods>
        </Class>
        <Class>
          <Summary numSequencePoints="13" visitedSequencePoints="0" numBranchPoints="2" visitedBranchPoints="0" sequenceCoverage="0" branchCoverage="0" maxCyclomaticComplexity="2" minCyclomaticComplexity="1" visitedClasses="0" numClasses="1" visitedMethods="0" numMethods="2" />
          <FullName>RGBDS2CIL.AddLine</FullName>
          <Methods>
            <Method cyclomaticComplexity="1" nPathComplexity="1" sequenceCoverage="0" branchCoverage="100" isConstructor="False" isGetter="True" isSetter="False" isStatic="True">
              <Summary numSequencePoints="1" visitedSequencePoints="0" numBranchPoints="0" visitedBranchPoints="0" sequenceCoverage="0" branchCoverage="100" maxCyclomaticComplexity="1" minCyclomaticComplexity="1" visitedClasses="0" numClasses="0" visitedMethods="0" numMethods="1" />
              <MetadataToken />
              <Name>System.Boolean RGBDS2CIL.AddLine::get_CarryFlag()</Name>
              <FileRef uid="3" />
              <SequencePoints>
                <SequencePoint vc="0" uspid="9" ordinal="0" sl="9" sc="1" el="9" ec="2" bec="0" bev="0" fileid="3" />
              </SequencePoints>
              <BranchPoints />
              <MethodPoint vc="0" uspid="0" p8:type="SequencePoint" ordinal="0" offset="0" sc="0" sl="9" ec="1" el="9" bec="0" bev="0" fileid="3" xmlns:p8="xsi" />
            </Method>
            <Method cyclomaticComplexity="2" nPathComplexity="2" sequenceCoverage="0" branchCoverage="0" isConstructor="True" isGetter="False" isSetter="False" isStatic="True">
              <Summary numSequencePoints="12" visitedSequencePoints="0" numBranchPoints="2" visitedBranchPoints="0" sequenceCoverage="0" branchCoverage="0" maxCyclomaticComplexity="2" minCyclomaticComplexity="2" visitedClasses="0" numClasses="0" visitedMethods="0" numMethods="1" />
              <MetadataToken />
              <Name>System.Void RGBDS2CIL.AddLine::.ctor(RGBDS2CIL.CodeLine,System.Boolean)</Name>
              <FileRef uid="3" />
              <SequencePoints>
                <SequencePoint vc="0" uspid="11" ordinal="0" sl="11" sc="1" el="11" ec="2" bec="0" bev="0" fileid="3" />
                <SequencePoint vc="0" uspid="12" ordinal="1" sl="12" sc="1" el="12" ec="2" bec="0" bev="0" fileid="3" />
                <SequencePoint vc="0" uspid="13" ordinal="2" sl="13" sc="1" el="13" ec="2" bec="0" bev="0" fileid="3" />
                <SequencePoint vc="0" uspid="14" ordinal="3" sl="14" sc="1" el="14" ec="2" bec="0" bev="0" fileid="3" />
                <SequencePoint vc="0" uspid="16" ordinal="4" sl="16" sc="1" el="16" ec="2" bec="0" bev="0" fileid="3" />
                <SequencePoint vc="0" uspid="17" ordinal="5" sl="17" sc="1" el="17" ec="2" bec="2" bev="0" fileid="3" />
                <SequencePoint vc="0" uspid="18" ordinal="6" sl="18" sc="1" el="18" ec="2" bec="0" bev="0" fileid="3" />
                <SequencePoint vc="0" uspid="19" ordinal="7" sl="19" sc="1" el="19" ec="2" bec="0" bev="0" fileid="3" />
                <SequencePoint vc="0" uspid="20" ordinal="8" sl="20" sc="1" el="20" ec="2" bec="0" bev="0" fileid="3" />
                <SequencePoint vc="0" uspid="21" ordinal="9" sl="21" sc="1" el="21" ec="2" bec="0" bev="0" fileid="3" />
                <SequencePoint vc="0" uspid="23" ordinal="10" sl="23" sc="1" el="23" ec="2" bec="0" bev="0" fileid="3" />
                <SequencePoint vc="0" uspid="24" ordinal="11" sl="24" sc="1" el="24" ec="2" bec="0" bev="0" fileid="3" />
              </SequencePoints>
              <BranchPoints>
                <BranchPoint vc="0" uspid="17" ordinal="0" path="0" offset="95" offsetend="97" sl="17" fileid="3" />
                <BranchPoint vc="0" uspid="17" ordinal="1" path="1" offset="95" offsetend="132" sl="17" fileid="3" />
              </BranchPoints>
              <MethodPoint vc="0" uspid="0" p8:type="SequencePoint" ordinal="1" offset="1" sc="0" sl="11" ec="1" el="24" bec="0" bev="0" fileid="3" xmlns:p8="xsi" />
            </Method>
          </Methods>
        </Class>
        <Class>
          <Summary numSequencePoints="12" visitedSequencePoints="0" numBranchPoints="2" visitedBranchPoints="0" sequenceCoverage="0" branchCoverage="0" maxCyclomaticComplexity="2" minCyclomaticComplexity="2" visitedClasses="0" numClasses="1" visitedMethods="0" numMethods="1" />
          <FullName>RGBDS2CIL.AndLine</FullName>
          <Methods>
            <Method cyclomaticComplexity="2" nPathComplexity="2" sequenceCoverage="0" branchCoverage="0" isConstructor="True" isGetter="False" isSetter="False" isStatic="True">
              <Summary numSequencePoints="12" visitedSequencePoints="0" numBranchPoints="2" visitedBranchPoints="0" sequenceCoverage="0" branchCoverage="0" maxCyclomaticComplexity="2" minCyclomaticComplexity="2" visitedClasses="0" numClasses="0" visitedMethods="0" numMethods="1" />
              <MetadataToken />
              <Name>System.Void RGBDS2CIL.AndLine::.ctor(RGBDS2CIL.CodeLine)</Name>
              <FileRef uid="4" />
              <SequencePoints>
                <SequencePoint vc="0" uspid="10" ordinal="0" sl="10" sc="1" el="10" ec="2" bec="0" bev="0" fileid="4" />
                <SequencePoint vc="0" uspid="11" ordinal="1" sl="11" sc="1" el="11" ec="2" bec="0" bev="0" fileid="4" />
                <SequencePoint vc="0" uspid="12" ordinal="2" sl="12" sc="1" el="12" ec="2" bec="0" bev="0" fileid="4" />
                <SequencePoint vc="0" uspid="13" ordinal="3" sl="13" sc="1" el="13" ec="2" bec="0" bev="0" fileid="4" />
                <SequencePoint vc="0" uspid="15" ordinal="4" sl="15" sc="1" el="15" ec="2" bec="0" bev="0" fileid="4" />
                <SequencePoint vc="0" uspid="16" ordinal="5" sl="16" sc="1" el="16" ec="2" bec="2" bev="0" fileid="4" />
                <SequencePoint vc="0" uspid="17" ordinal="6" sl="17" sc="1" el="17" ec="2" bec="0" bev="0" fileid="4" />
                <SequencePoint vc="0" uspid="18" ordinal="7" sl="18" sc="1" el="18" ec="2" bec="0" bev="0" fileid="4" />
                <SequencePoint vc="0" uspid="19" ordinal="8" sl="19" sc="1" el="19" ec="2" bec="0" bev="0" fileid="4" />
                <SequencePoint vc="0" uspid="20" ordinal="9" sl="20" sc="1" el="20" ec="2" bec="0" bev="0" fileid="4" />
                <SequencePoint vc="0" uspid="22" ordinal="10" sl="22" sc="1" el="22" ec="2" bec="0" bev="0" fileid="4" />
                <SequencePoint vc="0" uspid="23" ordinal="11" sl="23" sc="1" el="23" ec="2" bec="0" bev="0" fileid="4" />
              </SequencePoints>
              <BranchPoints>
                <BranchPoint vc="0" uspid="16" ordinal="0" path="0" offset="96" offsetend="98" sl="16" fileid="4" />
                <BranchPoint vc="0" uspid="16" ordinal="1" path="1" offset="96" offsetend="133" sl="16" fileid="4" />
              </BranchPoints>
              <MethodPoint vc="0" uspid="0" p8:type="SequencePoint" ordinal="0" offset="0" sc="0" sl="10" ec="1" el="23" bec="0" bev="0" fileid="4" xmlns:p8="xsi" />
            </Method>
          </Methods>
        </Class>
        <Class>
          <Summary numSequencePoints="25" visitedSequencePoints="9" numBranchPoints="14" visitedBranchPoints="5" sequenceCoverage="36" branchCoverage="35.71" maxCyclomaticComplexity="8" minCyclomaticComplexity="2" visitedClasses="1" numClasses="1" visitedMethods="1" numMethods="3" />
          <FullName>RGBDS2CIL.AssertLine</FullName>
          <Methods>
            <Method cyclomaticComplexity="4" nPathComplexity="4" sequenceCoverage="0" branchCoverage="0" isConstructor="False" isGetter="False" isSetter="False" isStatic="True">
              <Summary numSequencePoints="10" visitedSequencePoints="0" numBranchPoints="4" visitedBranchPoints="0" sequenceCoverage="0" branchCoverage="0" maxCyclomaticComplexity="4" minCyclomaticComplexity="4" visitedClasses="0" numClasses="0" visitedMethods="0" numMethods="1" />
              <MetadataToken />
              <Name>RGBDS2CIL.IAsmLine RGBDS2CIL.AssertLine::Reparse()</Name>
              <FileRef uid="5" />
              <SequencePoints>
                <SequencePoint vc="0" uspid="27" ordinal="0" sl="27" sc="1" el="27" ec="2" bec="0" bev="0" fileid="5" />
                <SequencePoint vc="0" uspid="28" ordinal="1" sl="28" sc="1" el="28" ec="2" bec="2" bev="0" fileid="5" />
                <SequencePoint vc="0" uspid="29" ordinal="2" sl="29" sc="1" el="29" ec="2" bec="0" bev="0" fileid="5" />
                <SequencePoint vc="0" uspid="30" ordinal="3" sl="30" sc="1" el="30" ec="2" bec="0" bev="0" fileid="5" />
                <SequencePoint vc="0" uspid="31" ordinal="4" sl="31" sc="1" el="31" ec="2" bec="2" bev="0" fileid="5" />
                <SequencePoint vc="0" uspid="32" ordinal="5" sl="32" sc="1" el="32" ec="2" bec="0" bev="0" fileid="5" />
                <SequencePoint vc="0" uspid="34" ordinal="6" sl="34" sc="1" el="34" ec="2" bec="0" bev="0" fileid="5" />
                <SequencePoint vc="0" uspid="35" ordinal="7" sl="35" sc="1" el="35" ec="2" bec="0" bev="0" fileid="5" />
                <SequencePoint vc="0" uspid="37" ordinal="8" sl="37" sc="1" el="37" ec="2" bec="0" bev="0" fileid="5" />
                <SequencePoint vc="0" uspid="38" ordinal="9" sl="38" sc="1" el="38" ec="2" bec="0" bev="0" fileid="5" />
              </SequencePoints>
              <BranchPoints>
                <BranchPoint vc="0" uspid="28" ordinal="3" path="1" offset="244" offsetend="8" sl="28" fileid="5" />
                <BranchPoint vc="0" uspid="31" ordinal="0" path="0" offset="125" offsetend="127" sl="31" fileid="5" />
                <BranchPoint vc="0" uspid="31" ordinal="1" path="1" offset="125" offsetend="131" sl="31" fileid="5" />
                <BranchPoint vc="0" uspid="28" ordinal="2" path="0" offset="244" offsetend="249" sl="28" fileid="5" />
              </BranchPoints>
              <MethodPoint vc="0" uspid="0" p8:type="SequencePoint" ordinal="0" offset="0" sc="0" sl="27" ec="1" el="38" bec="0" bev="0" fileid="5" xmlns:p8="xsi" />
            </Method>
            <Method cyclomaticComplexity="2" nPathComplexity="2" sequenceCoverage="0" branchCoverage="0" isConstructor="False" isGetter="False" isSetter="False" isStatic="True">
              <Summary numSequencePoints="6" visitedSequencePoints="0" numBranchPoints="2" visitedBranchPoints="0" sequenceCoverage="0" branchCoverage="0" maxCyclomaticComplexity="2" minCyclomaticComplexity="2" visitedClasses="0" numClasses="0" visitedMethods="0" numMethods="1" />
              <MetadataToken />
              <Name>System.Void RGBDS2CIL.AssertLine::OutputLine(System.Text.StringBuilder,System.Int32)</Name>
              <FileRef uid="5" />
              <SequencePoints>
                <SequencePoint vc="0" uspid="41" ordinal="0" sl="41" sc="1" el="41" ec="2" bec="0" bev="0" fileid="5" />
                <SequencePoint vc="0" uspid="42" ordinal="1" sl="42" sc="1" el="42" ec="2" bec="0" bev="0" fileid="5" />
                <SequencePoint vc="0" uspid="44" ordinal="2" sl="44" sc="1" el="44" ec="2" bec="2" bev="0" fileid="5" />
                <SequencePoint vc="0" uspid="45" ordinal="3" sl="45" sc="1" el="45" ec="2" bec="0" bev="0" fileid="5" />
                <SequencePoint vc="0" uspid="47" ordinal="4" sl="47" sc="1" el="47" ec="2" bec="0" bev="0" fileid="5" />
                <SequencePoint vc="0" uspid="48" ordinal="5" sl="48" sc="1" el="48" ec="2" bec="0" bev="0" fileid="5" />
              </SequencePoints>
              <BranchPoints>
                <BranchPoint vc="0" uspid="44" ordinal="0" path="0" offset="53" offsetend="55" sl="44" fileid="5" />
                <BranchPoint vc="0" uspid="44" ordinal="1" path="1" offset="53" offsetend="78" sl="44" fileid="5" />
              </BranchPoints>
              <MethodPoint vc="0" uspid="0" p8:type="SequencePoint" ordinal="1" offset="1" sc="0" sl="41" ec="1" el="48" bec="0" bev="0" fileid="5" xmlns:p8="xsi" />
            </Method>
            <Method cyclomaticComplexity="8" nPathComplexity="8" sequenceCoverage="100" branchCoverage="62.5" isConstructor="True" isGetter="False" isSetter="False" isStatic="True">
              <Summary numSequencePoints="9" visitedSequencePoints="9" numBranchPoints="8" visitedBranchPoints="5" sequenceCoverage="100" branchCoverage="62.5" maxCyclomaticComplexity="8" minCyclomaticComplexity="8" visitedClasses="0" numClasses="0" visitedMethods="1" numMethods="1" />
              <MetadataToken />
              <Name>System.Void RGBDS2CIL.AssertLine::.ctor(RGBDS2CIL.CodeLine)</Name>
              <FileRef uid="5" />
              <SequencePoints>
                <SequencePoint vc="7" uspid="13" ordinal="0" sl="13" sc="1" el="13" ec="2" bec="0" bev="0" fileid="5" />
                <SequencePoint vc="7" uspid="14" ordinal="1" sl="14" sc="1" el="14" ec="2" bec="0" bev="0" fileid="5" />
                <SequencePoint vc="7" uspid="15" ordinal="2" sl="15" sc="1" el="15" ec="2" bec="0" bev="0" fileid="5" />
                <SequencePoint vc="7" uspid="17" ordinal="3" sl="17" sc="1" el="17" ec="2" bec="0" bev="0" fileid="5" />
                <SequencePoint vc="7" uspid="19" ordinal="4" sl="19" sc="1" el="19" ec="2" bec="2" bev="1" fileid="5" />
                <SequencePoint vc="7" uspid="20" ordinal="5" sl="20" sc="1" el="20" ec="2" bec="4" bev="3" fileid="5" />
                <SequencePoint vc="4" uspid="21" ordinal="6" sl="21" sc="1" el="21" ec="2" bec="0" bev="0" fileid="5" />
                <SequencePoint vc="7" uspid="23" ordinal="7" sl="23" sc="1" el="23" ec="2" bec="2" bev="1" fileid="5" />
                <SequencePoint vc="7" uspid="24" ordinal="8" sl="24" sc="1" el="24" ec="2" bec="0" bev="0" fileid="5" />
              </SequencePoints>
              <BranchPoints>
                <BranchPoint vc="0" uspid="19" ordinal="0" path="0" offset="80" offsetend="82" sl="19" fileid="5" />
                <BranchPoint vc="7" uspid="19" ordinal="1" path="1" offset="80" offsetend="85" sl="19" fileid="5" />
                <BranchPoint vc="0" uspid="20" ordinal="2" path="0" offset="97" offsetend="99" sl="20" fileid="5" />
                <BranchPoint vc="7" uspid="20" ordinal="3" path="1" offset="97" offsetend="102" sl="20" fileid="5" />
                <BranchPoint vc="4" uspid="20" ordinal="4" path="0" offset="113" offsetend="115" sl="20" fileid="5" />
                <BranchPoint vc="7" uspid="20" ordinal="5" path="1" offset="113" offsetend="127" sl="20" fileid="5" />
                <BranchPoint vc="0" uspid="23" ordinal="6" path="0" offset="128" offsetend="130" sl="23" fileid="5" />
                <BranchPoint vc="7" uspid="23" ordinal="7" path="1" offset="128" offsetend="133" sl="23" fileid="5" />
              </BranchPoints>
              <MethodPoint vc="9" uspid="0" p8:type="SequencePoint" ordinal="2" offset="2" sc="0" sl="13" ec="1" el="24" bec="0" bev="0" fileid="5" xmlns:p8="xsi" />
            </Method>
          </Methods>
        </Class>
        <Class>
          <Summary numSequencePoints="12" visitedSequencePoints="0" numBranchPoints="2" visitedBranchPoints="0" sequenceCoverage="0" branchCoverage="0" maxCyclomaticComplexity="2" minCyclomaticComplexity="2" visitedClasses="0" numClasses="1" visitedMethods="0" numMethods="1" />
          <FullName>RGBDS2CIL.BitLine</FullName>
          <Methods>
            <Method cyclomaticComplexity="2" nPathComplexity="2" sequenceCoverage="0" branchCoverage="0" isConstructor="True" isGetter="False" isSetter="False" isStatic="True">
              <Summary numSequencePoints="12" visitedSequencePoints="0" numBranchPoints="2" visitedBranchPoints="0" sequenceCoverage="0" branchCoverage="0" maxCyclomaticComplexity="2" minCyclomaticComplexity="2" visitedClasses="0" numClasses="0" visitedMethods="0" numMethods="1" />
              <MetadataToken />
              <Name>System.Void RGBDS2CIL.BitLine::.ctor(RGBDS2CIL.CodeLine)</Name>
              <FileRef uid="6" />
              <SequencePoints>
                <SequencePoint vc="0" uspid="10" ordinal="0" sl="10" sc="1" el="10" ec="2" bec="0" bev="0" fileid="6" />
                <SequencePoint vc="0" uspid="11" ordinal="1" sl="11" sc="1" el="11" ec="2" bec="0" bev="0" fileid="6" />
                <SequencePoint vc="0" uspid="12" ordinal="2" sl="12" sc="1" el="12" ec="2" bec="0" bev="0" fileid="6" />
                <SequencePoint vc="0" uspid="13" ordinal="3" sl="13" sc="1" el="13" ec="2" bec="0" bev="0" fileid="6" />
                <SequencePoint vc="0" uspid="15" ordinal="4" sl="15" sc="1" el="15" ec="2" bec="0" bev="0" fileid="6" />
                <SequencePoint vc="0" uspid="16" ordinal="5" sl="16" sc="1" el="16" ec="2" bec="2" bev="0" fileid="6" />
                <SequencePoint vc="0" uspid="17" ordinal="6" sl="17" sc="1" el="17" ec="2" bec="0" bev="0" fileid="6" />
                <SequencePoint vc="0" uspid="18" ordinal="7" sl="18" sc="1" el="18" ec="2" bec="0" bev="0" fileid="6" />
                <SequencePoint vc="0" uspid="19" ordinal="8" sl="19" sc="1" el="19" ec="2" bec="0" bev="0" fileid="6" />
                <SequencePoint vc="0" uspid="20" ordinal="9" sl="20" sc="1" el="20" ec="2" bec="0" bev="0" fileid="6" />
                <SequencePoint vc="0" uspid="22" ordinal="10" sl="22" sc="1" el="22" ec="2" bec="0" bev="0" fileid="6" />
                <SequencePoint vc="0" uspid="23" ordinal="11" sl="23" sc="1" el="23" ec="2" bec="0" bev="0" fileid="6" />
              </SequencePoints>
              <BranchPoints>
                <BranchPoint vc="0" uspid="16" ordinal="0" path="0" offset="96" offsetend="98" sl="16" fileid="6" />
                <BranchPoint vc="0" uspid="16" ordinal="1" path="1" offset="96" offsetend="133" sl="16" fileid="6" />
              </BranchPoints>
              <MethodPoint vc="0" uspid="0" p8:type="SequencePoint" ordinal="0" offset="0" sc="0" sl="10" ec="1" el="23" bec="0" bev="0" fileid="6" xmlns:p8="xsi" />
            </Method>
          </Methods>
        </Class>
        <Class>
          <Summary numSequencePoints="4" visitedSequencePoints="0" numBranchPoints="0" visitedBranchPoints="0" sequenceCoverage="0" branchCoverage="100" maxCyclomaticComplexity="1" minCyclomaticComplexity="1" visitedClasses="0" numClasses="1" visitedMethods="0" numMethods="1" />
          <FullName>RGBDS2CIL.CallLine</FullName>
          <Methods>
            <Method cyclomaticComplexity="1" nPathComplexity="1" sequenceCoverage="0" branchCoverage="100" isConstructor="True" isGetter="False" isSetter="False" isStatic="True">
              <Summary numSequencePoints="4" visitedSequencePoints="0" numBranchPoints="0" visitedBranchPoints="0" sequenceCoverage="0" branchCoverage="100" maxCyclomaticComplexity="1" minCyclomaticComplexity="1" visitedClasses="0" numClasses="0" visitedMethods="0" numMethods="1" />
              <MetadataToken />
              <Name>System.Void RGBDS2CIL.CallLine::.ctor(RGBDS2CIL.CodeLine)</Name>
              <FileRef uid="7" />
              <SequencePoints>
                <SequencePoint vc="0" uspid="9" ordinal="0" sl="9" sc="1" el="9" ec="2" bec="0" bev="0" fileid="7" />
                <SequencePoint vc="0" uspid="10" ordinal="1" sl="10" sc="1" el="10" ec="2" bec="0" bev="0" fileid="7" />
                <SequencePoint vc="0" uspid="11" ordinal="2" sl="11" sc="1" el="11" ec="2" bec="0" bev="0" fileid="7" />
                <SequencePoint vc="0" uspid="12" ordinal="3" sl="12" sc="1" el="12" ec="2" bec="0" bev="0" fileid="7" />
              </SequencePoints>
              <BranchPoints />
              <MethodPoint vc="0" uspid="0" p8:type="SequencePoint" ordinal="0" offset="0" sc="0" sl="9" ec="1" el="12" bec="0" bev="0" fileid="7" xmlns:p8="xsi" />
            </Method>
          </Methods>
        </Class>
        <Class>
          <Summary numSequencePoints="18" visitedSequencePoints="7" numBranchPoints="0" visitedBranchPoints="0" sequenceCoverage="38.88" branchCoverage="100" maxCyclomaticComplexity="1" minCyclomaticComplexity="1" visitedClasses="1" numClasses="1" visitedMethods="1" numMethods="2" />
          <FullName>RGBDS2CIL.CharMapLine</FullName>
          <Methods>
            <Method cyclomaticComplexity="1" nPathComplexity="1" sequenceCoverage="0" branchCoverage="100" isConstructor="False" isGetter="False" isSetter="False" isStatic="True">
              <Summary numSequencePoints="11" visitedSequencePoints="0" numBranchPoints="0" visitedBranchPoints="0" sequenceCoverage="0" branchCoverage="100" maxCyclomaticComplexity="1" minCyclomaticComplexity="1" visitedClasses="0" numClasses="0" visitedMethods="0" numMethods="1" />
              <MetadataToken />
              <Name>System.Void RGBDS2CIL.CharMapLine::OutputLine(System.Text.StringBuilder,System.Int32)</Name>
              <FileRef uid="8" />
              <SequencePoints>
                <SequencePoint vc="0" uspid="22" ordinal="0" sl="22" sc="1" el="22" ec="2" bec="0" bev="0" fileid="8" />
                <SequencePoint vc="0" uspid="23" ordinal="1" sl="23" sc="1" el="23" ec="2" bec="0" bev="0" fileid="8" />
                <SequencePoint vc="0" uspid="25" ordinal="2" sl="25" sc="1" el="25" ec="2" bec="0" bev="0" fileid="8" />
                <SequencePoint vc="0" uspid="26" ordinal="3" sl="26" sc="1" el="26" ec="2" bec="0" bev="0" fileid="8" />
                <SequencePoint vc="0" uspid="27" ordinal="4" sl="27" sc="1" el="27" ec="2" bec="0" bev="0" fileid="8" />
                <SequencePoint vc="0" uspid="28" ordinal="5" sl="28" sc="1" el="28" ec="2" bec="0" bev="0" fileid="8" />
                <SequencePoint vc="0" uspid="29" ordinal="6" sl="29" sc="1" el="29" ec="2" bec="0" bev="0" fileid="8" />
                <SequencePoint vc="0" uspid="30" ordinal="7" sl="30" sc="1" el="30" ec="2" bec="0" bev="0" fileid="8" />
                <SequencePoint vc="0" uspid="31" ordinal="8" sl="31" sc="1" el="31" ec="2" bec="0" bev="0" fileid="8" />
                <SequencePoint vc="0" uspid="32" ordinal="9" sl="32" sc="1" el="32" ec="2" bec="0" bev="0" fileid="8" />
                <SequencePoint vc="0" uspid="33" ordinal="10" sl="33" sc="1" el="33" ec="2" bec="0" bev="0" fileid="8" />
              </SequencePoints>
              <BranchPoints />
              <MethodPoint vc="0" uspid="0" p8:type="SequencePoint" ordinal="0" offset="0" sc="0" sl="22" ec="1" el="33" bec="0" bev="0" fileid="8" xmlns:p8="xsi" />
            </Method>
            <Method cyclomaticComplexity="1" nPathComplexity="1" sequenceCoverage="100" branchCoverage="100" isConstructor="True" isGetter="False" isSetter="False" isStatic="True">
              <Summary numSequencePoints="7" visitedSequencePoints="7" numBranchPoints="0" visitedBranchPoints="0" sequenceCoverage="100" branchCoverage="100" maxCyclomaticComplexity="1" minCyclomaticComplexity="1" visitedClasses="0" numClasses="0" visitedMethods="1" numMethods="1" />
              <MetadataToken />
              <Name>System.Void RGBDS2CIL.CharMapLine::.ctor(RGBDS2CIL.CodeLine)</Name>
              <FileRef uid="8" />
              <SequencePoints>
                <SequencePoint vc="3" uspid="11" ordinal="0" sl="11" sc="1" el="11" ec="2" bec="0" bev="0" fileid="8" />
                <SequencePoint vc="3" uspid="12" ordinal="1" sl="12" sc="1" el="12" ec="2" bec="0" bev="0" fileid="8" />
                <SequencePoint vc="3" uspid="13" ordinal="2" sl="13" sc="1" el="13" ec="2" bec="0" bev="0" fileid="8" />
                <SequencePoint vc="3" uspid="14" ordinal="3" sl="14" sc="1" el="14" ec="2" bec="0" bev="0" fileid="8" />
                <SequencePoint vc="3" uspid="16" ordinal="4" sl="16" sc="1" el="16" ec="2" bec="0" bev="0" fileid="8" />
                <SequencePoint vc="3" uspid="18" ordinal="5" sl="18" sc="1" el="18" ec="2" bec="0" bev="0" fileid="8" />
                <SequencePoint vc="3" uspid="19" ordinal="6" sl="19" sc="1" el="19" ec="2" bec="0" bev="0" fileid="8" />
              </SequencePoints>
              <BranchPoints />
              <MethodPoint vc="7" uspid="0" p8:type="SequencePoint" ordinal="1" offset="1" sc="0" sl="11" ec="1" el="19" bec="0" bev="0" fileid="8" xmlns:p8="xsi" />
            </Method>
          </Methods>
        </Class>
        <Class>
          <Summary numSequencePoints="29" visitedSequencePoints="26" numBranchPoints="2" visitedBranchPoints="2" sequenceCoverage="89.65" branchCoverage="100" maxCyclomaticComplexity="2" minCyclomaticComplexity="1" visitedClasses="1" numClasses="1" visitedMethods="8" numMethods="9" />
          <FullName>RGBDS2CIL.CodeLine</FullName>
          <Methods>
            <Method cyclomaticComplexity="1" nPathComplexity="1" sequenceCoverage="100" branchCoverage="100" isConstructor="False" isGetter="True" isSetter="False" isStatic="True">
              <Summary numSequencePoints="1" visitedSequencePoints="1" numBranchPoints="0" visitedBranchPoints="0" sequenceCoverage="100" branchCoverage="100" maxCyclomaticComplexity="1" minCyclomaticComplexity="1" visitedClasses="0" numClasses="0" visitedMethods="1" numMethods="1" />
              <MetadataToken />
              <Name>System.Guid RGBDS2CIL.CodeLine::get_LineId()</Name>
              <FileRef uid="9" />
              <SequencePoints>
                <SequencePoint vc="326" uspid="10" ordinal="0" sl="10" sc="1" el="10" ec="2" bec="0" bev="0" fileid="9" />
              </SequencePoints>
              <BranchPoints />
              <MethodPoint vc="1" uspid="0" p8:type="SequencePoint" ordinal="0" offset="0" sc="0" sl="10" ec="1" el="10" bec="0" bev="0" fileid="9" xmlns:p8="xsi" />
            </Method>
            <Method cyclomaticComplexity="1" nPathComplexity="1" sequenceCoverage="100" branchCoverage="100" isConstructor="False" isGetter="True" isSetter="False" isStatic="True">
              <Summary numSequencePoints="1" visitedSequencePoints="1" numBranchPoints="0" visitedBranchPoints="0" sequenceCoverage="100" branchCoverage="100" maxCyclomaticComplexity="1" minCyclomaticComplexity="1" visitedClasses="0" numClasses="0" visitedMethods="1" numMethods="1" />
              <MetadataToken />
              <Name>System.String RGBDS2CIL.CodeLine::get_Raw()</Name>
              <FileRef uid="9" />
              <SequencePoints>
                <SequencePoint vc="95" uspid="13" ordinal="0" sl="13" sc="1" el="13" ec="2" bec="0" bev="0" fileid="9" />
              </SequencePoints>
              <BranchPoints />
              <MethodPoint vc="1" uspid="0" p8:type="SequencePoint" ordinal="1" offset="1" sc="0" sl="13" ec="1" el="13" bec="0" bev="0" fileid="9" xmlns:p8="xsi" />
            </Method>
            <Method cyclomaticComplexity="1" nPathComplexity="1" sequenceCoverage="100" branchCoverage="100" isConstructor="False" isGetter="True" isSetter="False" isStatic="True">
              <Summary numSequencePoints="1" visitedSequencePoints="1" numBranchPoints="0" visitedBranchPoints="0" sequenceCoverage="100" branchCoverage="100" maxCyclomaticComplexity="1" minCyclomaticComplexity="1" visitedClasses="0" numClasses="0" visitedMethods="1" numMethods="1" />
              <MetadataToken />
              <Name>System.String RGBDS2CIL.CodeLine::get_Comment()</Name>
              <FileRef uid="9" />
              <SequencePoints>
                <SequencePoint vc="111" uspid="14" ordinal="0" sl="14" sc="1" el="14" ec="2" bec="0" bev="0" fileid="9" />
              </SequencePoints>
              <BranchPoints />
              <MethodPoint vc="1" uspid="0" p8:type="SequencePoint" ordinal="2" offset="2" sc="0" sl="14" ec="1" el="14" bec="0" bev="0" fileid="9" xmlns:p8="xsi" />
            </Method>
            <Method cyclomaticComplexity="1" nPathComplexity="1" sequenceCoverage="100" branchCoverage="100" isConstructor="False" isGetter="True" isSetter="False" isStatic="True">
              <Summary numSequencePoints="1" visitedSequencePoints="1" numBranchPoints="0" visitedBranchPoints="0" sequenceCoverage="100" branchCoverage="100" maxCyclomaticComplexity="1" minCyclomaticComplexity="1" visitedClasses="0" numClasses="0" visitedMethods="1" numMethods="1" />
              <MetadataToken />
              <Name>System.String RGBDS2CIL.CodeLine::get_FileName()</Name>
              <FileRef uid="9" />
              <SequencePoints>
                <SequencePoint vc="95" uspid="15" ordinal="0" sl="15" sc="1" el="15" ec="2" bec="0" bev="0" fileid="9" />
              </SequencePoints>
              <BranchPoints />
              <MethodPoint vc="1" uspid="0" p8:type="SequencePoint" ordinal="3" offset="3" sc="0" sl="15" ec="1" el="15" bec="0" bev="0" fileid="9" xmlns:p8="xsi" />
            </Method>
            <Method cyclomaticComplexity="1" nPathComplexity="1" sequenceCoverage="100" branchCoverage="100" isConstructor="False" isGetter="True" isSetter="False" isStatic="True">
              <Summary numSequencePoints="1" visitedSequencePoints="1" numBranchPoints="0" visitedBranchPoints="0" sequenceCoverage="100" branchCoverage="100" maxCyclomaticComplexity="1" minCyclomaticComplexity="1" visitedClasses="0" numClasses="0" visitedMethods="1" numMethods="1" />
              <MetadataToken />
              <Name>System.Int32 RGBDS2CIL.CodeLine::get_Line()</Name>
              <FileRef uid="9" />
              <SequencePoints>
                <SequencePoint vc="97" uspid="16" ordinal="0" sl="16" sc="1" el="16" ec="2" bec="0" bev="0" fileid="9" />
              </SequencePoints>
              <BranchPoints />
              <MethodPoint vc="1" uspid="0" p8:type="SequencePoint" ordinal="4" offset="4" sc="0" sl="16" ec="1" el="16" bec="0" bev="0" fileid="9" xmlns:p8="xsi" />
            </Method>
            <Method cyclomaticComplexity="2" nPathComplexity="2" sequenceCoverage="100" branchCoverage="100" isConstructor="False" isGetter="False" isSetter="False" isStatic="True">
              <Summary numSequencePoints="9" visitedSequencePoints="9" numBranchPoints="2" visitedBranchPoints="2" sequenceCoverage="100" branchCoverage="100" maxCyclomaticComplexity="2" minCyclomaticComplexity="2" visitedClasses="0" numClasses="0" visitedMethods="1" numMethods="1" />
              <MetadataToken />
              <Name>RGBDS2CIL.IAsmLine RGBDS2CIL.CodeLine::Reparse()</Name>
              <FileRef uid="9" />
              <SequencePoints>
                <SequencePoint vc="24" uspid="19" ordinal="0" sl="19" sc="1" el="19" ec="2" bec="0" bev="0" fileid="9" />
                <SequencePoint vc="480" uspid="23" ordinal="1" sl="23" sc="1" el="23" ec="2" bec="2" bev="2" fileid="9" />
                <SequencePoint vc="216" uspid="24" ordinal="2" sl="24" sc="1" el="24" ec="2" bec="0" bev="0" fileid="9" />
                <SequencePoint vc="216" uspid="25" ordinal="3" sl="25" sc="1" el="25" ec="2" bec="0" bev="0" fileid="9" />
                <SequencePoint vc="216" uspid="26" ordinal="4" sl="26" sc="1" el="26" ec="2" bec="0" bev="0" fileid="9" />
                <SequencePoint vc="24" uspid="28" ordinal="5" sl="28" sc="1" el="28" ec="2" bec="0" bev="0" fileid="9" />
                <SequencePoint vc="24" uspid="29" ordinal="6" sl="29" sc="1" el="29" ec="2" bec="0" bev="0" fileid="9" />
                <SequencePoint vc="24" uspid="30" ordinal="7" sl="30" sc="1" el="30" ec="2" bec="0" bev="0" fileid="9" />
                <SequencePoint vc="24" uspid="31" ordinal="8" sl="31" sc="1" el="31" ec="2" bec="0" bev="0" fileid="9" />
              </SequencePoints>
              <BranchPoints>
                <BranchPoint vc="216" uspid="23" ordinal="1" path="1" offset="126" offsetend="5" sl="23" fileid="9" />
                <BranchPoint vc="24" uspid="23" ordinal="0" path="0" offset="126" offsetend="128" sl="23" fileid="9" />
              </BranchPoints>
              <MethodPoint vc="9" uspid="0" p8:type="SequencePoint" ordinal="5" offset="5" sc="0" sl="19" ec="1" el="31" bec="0" bev="0" fileid="9" xmlns:p8="xsi" />
            </Method>
            <Method cyclomaticComplexity="1" nPathComplexity="1" sequenceCoverage="0" branchCoverage="100" isConstructor="False" isGetter="False" isSetter="False" isStatic="True">
              <Summary numSequencePoints="3" visitedSequencePoints="0" numBranchPoints="0" visitedBranchPoints="0" sequenceCoverage="0" branchCoverage="100" maxCyclomaticComplexity="1" minCyclomaticComplexity="1" visitedClasses="0" numClasses="0" visitedMethods="0" numMethods="1" />
              <MetadataToken />
              <Name>System.Void RGBDS2CIL.CodeLine::OutputLine(System.Text.StringBuilder,System.Int32)</Name>
              <FileRef uid="9" />
              <SequencePoints>
                <SequencePoint vc="0" uspid="34" ordinal="0" sl="34" sc="1" el="34" ec="2" bec="0" bev="0" fileid="9" />
                <SequencePoint vc="0" uspid="35" ordinal="1" sl="35" sc="1" el="35" ec="2" bec="0" bev="0" fileid="9" />
                <SequencePoint vc="0" uspid="39" ordinal="2" sl="39" sc="1" el="39" ec="2" bec="0" bev="0" fileid="9" />
              </SequencePoints>
              <BranchPoints />
              <MethodPoint vc="0" uspid="0" p8:type="SequencePoint" ordinal="6" offset="6" sc="0" sl="34" ec="1" el="39" bec="0" bev="0" fileid="9" xmlns:p8="xsi" />
            </Method>
            <Method cyclomaticComplexity="1" nPathComplexity="1" sequenceCoverage="100" branchCoverage="100" isConstructor="True" isGetter="False" isSetter="False" isStatic="True">
              <Summary numSequencePoints="9" visitedSequencePoints="9" numBranchPoints="0" visitedBranchPoints="0" sequenceCoverage="100" branchCoverage="100" maxCyclomaticComplexity="1" minCyclomaticComplexity="1" visitedClasses="0" numClasses="0" visitedMethods="1" numMethods="1" />
              <MetadataToken />
              <Name>System.Void RGBDS2CIL.CodeLine::.ctor(System.String,System.String,System.String,System.String,System.Int32,System.Collections.Generic.List`1&lt;System.String&gt;)</Name>
              <FileRef uid="9" />
              <SequencePoints>
                <SequencePoint vc="54" uspid="41" ordinal="0" sl="41" sc="1" el="41" ec="2" bec="0" bev="0" fileid="9" />
                <SequencePoint vc="54" uspid="42" ordinal="1" sl="42" sc="1" el="42" ec="2" bec="0" bev="0" fileid="9" />
                <SequencePoint vc="54" uspid="43" ordinal="2" sl="43" sc="1" el="43" ec="2" bec="0" bev="0" fileid="9" />
                <SequencePoint vc="54" uspid="44" ordinal="3" sl="44" sc="1" el="44" ec="2" bec="0" bev="0" fileid="9" />
                <SequencePoint vc="54" uspid="45" ordinal="4" sl="45" sc="1" el="45" ec="2" bec="0" bev="0" fileid="9" />
                <SequencePoint vc="54" uspid="46" ordinal="5" sl="46" sc="1" el="46" ec="2" bec="0" bev="0" fileid="9" />
                <SequencePoint vc="54" uspid="47" ordinal="6" sl="47" sc="1" el="47" ec="2" bec="0" bev="0" fileid="9" />
                <SequencePoint vc="54" uspid="48" ordinal="7" sl="48" sc="1" el="48" ec="2" bec="0" bev="0" fileid="9" />
                <SequencePoint vc="54" uspid="49" ordinal="8" sl="49" sc="1" el="49" ec="2" bec="0" bev="0" fileid="9" />
              </SequencePoints>
              <BranchPoints />
              <MethodPoint vc="9" uspid="0" p8:type="SequencePoint" ordinal="7" offset="7" sc="0" sl="41" ec="1" el="49" bec="0" bev="0" fileid="9" xmlns:p8="xsi" />
            </Method>
            <Method cyclomaticComplexity="1" nPathComplexity="1" sequenceCoverage="100" branchCoverage="100" isConstructor="True" isGetter="False" isSetter="False" isStatic="True">
              <Summary numSequencePoints="3" visitedSequencePoints="3" numBranchPoints="0" visitedBranchPoints="0" sequenceCoverage="100" branchCoverage="100" maxCyclomaticComplexity="1" minCyclomaticComplexity="1" visitedClasses="0" numClasses="0" visitedMethods="1" numMethods="1" />
              <MetadataToken />
              <Name>System.Void RGBDS2CIL.CodeLine::.ctor(System.String,RGBDS2CIL.IAsmLine,System.Collections.Generic.List`1&lt;System.String&gt;)</Name>
              <FileRef uid="9" />
              <SequencePoints>
                <SequencePoint vc="27" uspid="51" ordinal="0" sl="51" sc="1" el="51" ec="2" bec="0" bev="0" fileid="9" />
                <SequencePoint vc="27" uspid="52" ordinal="1" sl="52" sc="1" el="52" ec="2" bec="0" bev="0" fileid="9" />
                <SequencePoint vc="27" uspid="53" ordinal="2" sl="53" sc="1" el="53" ec="2" bec="0" bev="0" fileid="9" />
              </SequencePoints>
              <BranchPoints />
              <MethodPoint vc="3" uspid="0" p8:type="SequencePoint" ordinal="8" offset="8" sc="0" sl="51" ec="1" el="53" bec="0" bev="0" fileid="9" xmlns:p8="xsi" />
            </Method>
          </Methods>
        </Class>
        <Class>
          <Summary numSequencePoints="18" visitedSequencePoints="17" numBranchPoints="2" visitedBranchPoints="1" sequenceCoverage="94.44" branchCoverage="50" maxCyclomaticComplexity="2" minCyclomaticComplexity="1" visitedClasses="1" numClasses="1" visitedMethods="8" numMethods="8" />
          <FullName>RGBDS2CIL.CommentLine</FullName>
          <Methods>
            <Method cyclomaticComplexity="1" nPathComplexity="1" sequenceCoverage="100" branchCoverage="100" isConstructor="False" isGetter="True" isSetter="False" isStatic="True">
              <Summary numSequencePoints="1" visitedSequencePoints="1" numBranchPoints="0" visitedBranchPoints="0" sequenceCoverage="100" branchCoverage="100" maxCyclomaticComplexity="1" minCyclomaticComplexity="1" visitedClasses="0" numClasses="0" visitedMethods="1" numMethods="1" />
              <MetadataToken />
              <Name>System.Guid RGBDS2CIL.CommentLine::get_LineId()</Name>
              <FileRef uid="10" />
              <SequencePoints>
                <SequencePoint vc="54" uspid="15" ordinal="0" sl="15" sc="1" el="15" ec="2" bec="0" bev="0" fileid="10" />
              </SequencePoints>
              <BranchPoints />
              <MethodPoint vc="1" uspid="0" p8:type="SequencePoint" ordinal="0" offset="0" sc="0" sl="15" ec="1" el="15" bec="0" bev="0" fileid="10" xmlns:p8="xsi" />
            </Method>
            <Method cyclomaticComplexity="1" nPathComplexity="1" sequenceCoverage="100" branchCoverage="100" isConstructor="False" isGetter="True" isSetter="False" isStatic="True">
              <Summary numSequencePoints="1" visitedSequencePoints="1" numBranchPoints="0" visitedBranchPoints="0" sequenceCoverage="100" branchCoverage="100" maxCyclomaticComplexity="1" minCyclomaticComplexity="1" visitedClasses="0" numClasses="0" visitedMethods="1" numMethods="1" />
              <MetadataToken />
              <Name>System.String RGBDS2CIL.CommentLine::get_Raw()</Name>
              <FileRef uid="10" />
              <SequencePoints>
                <SequencePoint vc="4" uspid="16" ordinal="0" sl="16" sc="1" el="16" ec="2" bec="0" bev="0" fileid="10" />
              </SequencePoints>
              <BranchPoints />
              <MethodPoint vc="1" uspid="0" p8:type="SequencePoint" ordinal="1" offset="1" sc="0" sl="16" ec="1" el="16" bec="0" bev="0" fileid="10" xmlns:p8="xsi" />
            </Method>
            <Method cyclomaticComplexity="1" nPathComplexity="1" sequenceCoverage="100" branchCoverage="100" isConstructor="False" isGetter="True" isSetter="False" isStatic="True">
              <Summary numSequencePoints="1" visitedSequencePoints="1" numBranchPoints="0" visitedBranchPoints="0" sequenceCoverage="100" branchCoverage="100" maxCyclomaticComplexity="1" minCyclomaticComplexity="1" visitedClasses="0" numClasses="0" visitedMethods="1" numMethods="1" />
              <MetadataToken />
              <Name>System.String RGBDS2CIL.CommentLine::get_Comment()</Name>
              <FileRef uid="10" />
              <SequencePoints>
                <SequencePoint vc="8" uspid="17" ordinal="0" sl="17" sc="1" el="17" ec="2" bec="0" bev="0" fileid="10" />
              </SequencePoints>
              <BranchPoints />
              <MethodPoint vc="1" uspid="0" p8:type="SequencePoint" ordinal="2" offset="2" sc="0" sl="17" ec="1" el="17" bec="0" bev="0" fileid="10" xmlns:p8="xsi" />
            </Method>
            <Method cyclomaticComplexity="1" nPathComplexity="1" sequenceCoverage="100" branchCoverage="100" isConstructor="False" isGetter="True" isSetter="False" isStatic="True">
              <Summary numSequencePoints="1" visitedSequencePoints="1" numBranchPoints="0" visitedBranchPoints="0" sequenceCoverage="100" branchCoverage="100" maxCyclomaticComplexity="1" minCyclomaticComplexity="1" visitedClasses="0" numClasses="0" visitedMethods="1" numMethods="1" />
              <MetadataToken />
              <Name>System.String RGBDS2CIL.CommentLine::get_FileName()</Name>
              <FileRef uid="10" />
              <SequencePoints>
                <SequencePoint vc="4" uspid="18" ordinal="0" sl="18" sc="1" el="18" ec="2" bec="0" bev="0" fileid="10" />
              </SequencePoints>
              <BranchPoints />
              <MethodPoint vc="1" uspid="0" p8:type="SequencePoint" ordinal="3" offset="3" sc="0" sl="18" ec="1" el="18" bec="0" bev="0" fileid="10" xmlns:p8="xsi" />
            </Method>
            <Method cyclomaticComplexity="1" nPathComplexity="1" sequenceCoverage="100" branchCoverage="100" isConstructor="False" isGetter="True" isSetter="False" isStatic="True">
              <Summary numSequencePoints="1" visitedSequencePoints="1" numBranchPoints="0" visitedBranchPoints="0" sequenceCoverage="100" branchCoverage="100" maxCyclomaticComplexity="1" minCyclomaticComplexity="1" visitedClasses="0" numClasses="0" visitedMethods="1" numMethods="1" />
              <MetadataToken />
              <Name>System.Int32 RGBDS2CIL.CommentLine::get_Line()</Name>
              <FileRef uid="10" />
              <SequencePoints>
                <SequencePoint vc="4" uspid="19" ordinal="0" sl="19" sc="1" el="19" ec="2" bec="0" bev="0" fileid="10" />
              </SequencePoints>
              <BranchPoints />
              <MethodPoint vc="1" uspid="0" p8:type="SequencePoint" ordinal="4" offset="4" sc="0" sl="19" ec="1" el="19" bec="0" bev="0" fileid="10" xmlns:p8="xsi" />
            </Method>
            <Method cyclomaticComplexity="1" nPathComplexity="1" sequenceCoverage="100" branchCoverage="100" isConstructor="False" isGetter="False" isSetter="False" isStatic="True">
              <Summary numSequencePoints="1" visitedSequencePoints="1" numBranchPoints="0" visitedBranchPoints="0" sequenceCoverage="100" branchCoverage="100" maxCyclomaticComplexity="1" minCyclomaticComplexity="1" visitedClasses="0" numClasses="0" visitedMethods="1" numMethods="1" />
              <MetadataToken />
              <Name>RGBDS2CIL.IAsmLine RGBDS2CIL.CommentLine::Reparse()</Name>
              <FileRef uid="10" />
              <SequencePoints>
[...]
                <SequencePoint vc="0" uspid="46" ordinal="28" sl="46" sc="1" el="46" ec="2" bec="0" bev="0" fileid="74" />
                <SequencePoint vc="0" uspid="47" ordinal="29" sl="47" sc="1" el="47" ec="2" bec="0" bev="0" fileid="74" />
                <SequencePoint vc="0" uspid="48" ordinal="30" sl="48" sc="1" el="48" ec="2" bec="0" bev="0" fileid="74" />
                <SequencePoint vc="0" uspid="49" ordinal="31" sl="49" sc="1" el="49" ec="2" bec="0" bev="0" fileid="74" />
                <SequencePoint vc="0" uspid="50" ordinal="32" sl="50" sc="1" el="50" ec="2" bec="0" bev="0" fileid="74" />
                <SequencePoint vc="0" uspid="51" ordinal="33" sl="51" sc="1" el="51" ec="2" bec="0" bev="0" fileid="74" />
                <SequencePoint vc="0" uspid="52" ordinal="34" sl="52" sc="1" el="52" ec="2" bec="0" bev="0" fileid="74" />
                <SequencePoint vc="0" uspid="53" ordinal="35" sl="53" sc="1" el="53" ec="2" bec="0" bev="0" fileid="74" />
                <SequencePoint vc="0" uspid="54" ordinal="36" sl="54" sc="1" el="54" ec="2" bec="0" bev="0" fileid="74" />
                <SequencePoint vc="0" uspid="55" ordinal="37" sl="55" sc="1" el="55" ec="2" bec="0" bev="0" fileid="74" />
                <SequencePoint vc="0" uspid="56" ordinal="38" sl="56" sc="1" el="56" ec="2" bec="0" bev="0" fileid="74" />
                <SequencePoint vc="0" uspid="57" ordinal="39" sl="57" sc="1" el="57" ec="2" bec="0" bev="0" fileid="74" />
                <SequencePoint vc="0" uspid="58" ordinal="40" sl="58" sc="1" el="58" ec="2" bec="0" bev="0" fileid="74" />
                <SequencePoint vc="0" uspid="59" ordinal="41" sl="59" sc="1" el="59" ec="2" bec="0" bev="0" fileid="74" />
                <SequencePoint vc="0" uspid="60" ordinal="42" sl="60" sc="1" el="60" ec="2" bec="0" bev="0" fileid="74" />
                <SequencePoint vc="0" uspid="61" ordinal="43" sl="61" sc="1" el="61" ec="2" bec="0" bev="0" fileid="74" />
                <SequencePoint vc="0" uspid="62" ordinal="44" sl="62" sc="1" el="62" ec="2" bec="0" bev="0" fileid="74" />
                <SequencePoint vc="0" uspid="63" ordinal="45" sl="63" sc="1" el="63" ec="2" bec="0" bev="0" fileid="74" />
                <SequencePoint vc="0" uspid="64" ordinal="46" sl="64" sc="1" el="64" ec="2" bec="0" bev="0" fileid="74" />
                <SequencePoint vc="0" uspid="65" ordinal="47" sl="65" sc="1" el="65" ec="2" bec="0" bev="0" fileid="74" />
                <SequencePoint vc="0" uspid="66" ordinal="48" sl="66" sc="1" el="66" ec="2" bec="0" bev="0" fileid="74" />
                <SequencePoint vc="0" uspid="67" ordinal="49" sl="67" sc="1" el="67" ec="2" bec="0" bev="0" fileid="74" />
                <SequencePoint vc="0" uspid="68" ordinal="50" sl="68" sc="1" el="68" ec="2" bec="0" bev="0" fileid="74" />
                <SequencePoint vc="0" uspid="69" ordinal="51" sl="69" sc="1" el="69" ec="2" bec="0" bev="0" fileid="74" />
                <SequencePoint vc="0" uspid="70" ordinal="52" sl="70" sc="1" el="70" ec="2" bec="0" bev="0" fileid="74" />
                <SequencePoint vc="0" uspid="71" ordinal="53" sl="71" sc="1" el="71" ec="2" bec="0" bev="0" fileid="74" />
                <SequencePoint vc="0" uspid="72" ordinal="54" sl="72" sc="1" el="72" ec="2" bec="0" bev="0" fileid="74" />
                <SequencePoint vc="0" uspid="73" ordinal="55" sl="73" sc="1" el="73" ec="2" bec="0" bev="0" fileid="74" />
                <SequencePoint vc="0" uspid="74" ordinal="56" sl="74" sc="1" el="74" ec="2" bec="0" bev="0" fileid="74" />
                <SequencePoint vc="0" uspid="75" ordinal="57" sl="75" sc="1" el="75" ec="2" bec="0" bev="0" fileid="74" />
                <SequencePoint vc="0" uspid="76" ordinal="58" sl="76" sc="1" el="76" ec="2" bec="0" bev="0" fileid="74" />
                <SequencePoint vc="0" uspid="79" ordinal="59" sl="79" sc="1" el="79" ec="2" bec="2" bev="0" fileid="74" />
                <SequencePoint vc="0" uspid="80" ordinal="60" sl="80" sc="1" el="80" ec="2" bec="0" bev="0" fileid="74" />
                <SequencePoint vc="0" uspid="81" ordinal="61" sl="81" sc="1" el="81" ec="2" bec="0" bev="0" fileid="74" />
                <SequencePoint vc="0" uspid="82" ordinal="62" sl="82" sc="1" el="82" ec="2" bec="0" bev="0" fileid="74" />
                <SequencePoint vc="0" uspid="83" ordinal="63" sl="83" sc="1" el="83" ec="2" bec="0" bev="0" fileid="74" />
                <SequencePoint vc="0" uspid="84" ordinal="64" sl="84" sc="1" el="84" ec="2" bec="0" bev="0" fileid="74" />
                <SequencePoint vc="0" uspid="86" ordinal="65" sl="86" sc="1" el="86" ec="2" bec="0" bev="0" fileid="74" />
                <SequencePoint vc="0" uspid="87" ordinal="66" sl="87" sc="1" el="87" ec="2" bec="0" bev="0" fileid="74" />
                <SequencePoint vc="0" uspid="88" ordinal="67" sl="88" sc="1" el="88" ec="2" bec="0" bev="0" fileid="74" />
                <SequencePoint vc="0" uspid="89" ordinal="68" sl="89" sc="1" el="89" ec="2" bec="0" bev="0" fileid="74" />
                <SequencePoint vc="0" uspid="90" ordinal="69" sl="90" sc="1" el="90" ec="2" bec="0" bev="0" fileid="74" />
                <SequencePoint vc="0" uspid="95" ordinal="70" sl="95" sc="1" el="95" ec="2" bec="0" bev="0" fileid="74" />
                <SequencePoint vc="0" uspid="96" ordinal="71" sl="96" sc="1" el="96" ec="2" bec="0" bev="0" fileid="74" />
                <SequencePoint vc="0" uspid="97" ordinal="72" sl="97" sc="1" el="97" ec="2" bec="0" bev="0" fileid="74" />
                <SequencePoint vc="0" uspid="109" ordinal="73" sl="109" sc="1" el="109" ec="2" bec="0" bev="0" fileid="74" />
                <SequencePoint vc="0" uspid="111" ordinal="74" sl="111" sc="1" el="111" ec="2" bec="0" bev="0" fileid="74" />
                <SequencePoint vc="0" uspid="113" ordinal="75" sl="113" sc="1" el="113" ec="2" bec="0" bev="0" fileid="74" />
                <SequencePoint vc="0" uspid="114" ordinal="76" sl="114" sc="1" el="114" ec="2" bec="0" bev="0" fileid="74" />
                <SequencePoint vc="0" uspid="115" ordinal="77" sl="115" sc="1" el="115" ec="2" bec="0" bev="0" fileid="74" />
              </SequencePoints>
              <BranchPoints>
                <BranchPoint vc="0" uspid="79" ordinal="1" path="1" offset="586" offsetend="361" sl="79" fileid="74" />
                <BranchPoint vc="0" uspid="79" ordinal="0" path="0" offset="586" offsetend="591" sl="79" fileid="74" />
              </BranchPoints>
              <MethodPoint vc="0" uspid="0" p8:type="SequencePoint" ordinal="0" offset="0" sc="0" sl="10" ec="1" el="115" bec="0" bev="0" fileid="74" xmlns:p8="xsi" />
            </Method>
          </Methods>
        </Class>
        <Class>
          <Summary numSequencePoints="62" visitedSequencePoints="48" numBranchPoints="18" visitedBranchPoints="12" sequenceCoverage="77.41" branchCoverage="66.66" maxCyclomaticComplexity="8" minCyclomaticComplexity="4" visitedClasses="1" numClasses="1" visitedMethods="3" numMethods="3" />
          <FullName>RGBDS2CIL.Restructure</FullName>
          <Methods>
            <Method cyclomaticComplexity="4" nPathComplexity="4" sequenceCoverage="100" branchCoverage="100" isConstructor="False" isGetter="False" isSetter="False" isStatic="True">
              <Summary numSequencePoints="26" visitedSequencePoints="26" numBranchPoints="4" visitedBranchPoints="4" sequenceCoverage="100" branchCoverage="100" maxCyclomaticComplexity="4" minCyclomaticComplexity="4" visitedClasses="0" numClasses="0" visitedMethods="1" numMethods="1" />
              <MetadataToken />
              <Name>System.Void RGBDS2CIL.Restructure::RestructureMacros(System.Collections.Generic.List`1&lt;RGBDS2CIL.IAsmLine&gt;)</Name>
              <FileRef uid="75" />
              <SequencePoints>
                <SequencePoint vc="2" uspid="10" ordinal="0" sl="10" sc="1" el="10" ec="2" bec="0" bev="0" fileid="75" />
                <SequencePoint vc="2" uspid="11" ordinal="1" sl="11" sc="1" el="11" ec="2" bec="0" bev="0" fileid="75" />
                <SequencePoint vc="2" uspid="12" ordinal="2" sl="12" sc="1" el="12" ec="2" bec="0" bev="0" fileid="75" />
                <SequencePoint vc="9" uspid="14" ordinal="3" sl="14" sc="1" el="14" ec="2" bec="2" bev="2" fileid="75" />
                <SequencePoint vc="1" uspid="15" ordinal="4" sl="15" sc="1" el="15" ec="2" bec="0" bev="0" fileid="75" />
                <SequencePoint vc="1" uspid="16" ordinal="5" sl="16" sc="1" el="16" ec="2" bec="0" bev="0" fileid="75" />
                <SequencePoint vc="1" uspid="17" ordinal="6" sl="17" sc="1" el="17" ec="2" bec="0" bev="0" fileid="75" />
                <SequencePoint vc="1" uspid="18" ordinal="7" sl="18" sc="1" el="18" ec="2" bec="0" bev="0" fileid="75" />
                <SequencePoint vc="13" uspid="19" ordinal="8" sl="19" sc="1" el="19" ec="2" bec="0" bev="0" fileid="75" />
                <SequencePoint vc="1" uspid="20" ordinal="9" sl="20" sc="1" el="20" ec="2" bec="0" bev="0" fileid="75" />
                <SequencePoint vc="1" uspid="22" ordinal="10" sl="22" sc="1" el="22" ec="2" bec="0" bev="0" fileid="75" />
                <SequencePoint vc="1" uspid="24" ordinal="11" sl="24" sc="1" el="24" ec="2" bec="0" bev="0" fileid="75" />
                <SequencePoint vc="1" uspid="25" ordinal="12" sl="25" sc="1" el="25" ec="2" bec="0" bev="0" fileid="75" />
                <SequencePoint vc="1" uspid="26" ordinal="13" sl="26" sc="1" el="26" ec="2" bec="0" bev="0" fileid="75" />
                <SequencePoint vc="1" uspid="28" ordinal="14" sl="28" sc="1" el="28" ec="2" bec="0" bev="0" fileid="75" />
                <SequencePoint vc="1" uspid="30" ordinal="15" sl="30" sc="1" el="30" ec="2" bec="0" bev="0" fileid="75" />
                <SequencePoint vc="1" uspid="31" ordinal="16" sl="31" sc="1" el="31" ec="2" bec="0" bev="0" fileid="75" />
                <SequencePoint vc="108" uspid="33" ordinal="17" sl="33" sc="1" el="33" ec="2" bec="0" bev="0" fileid="75" />
                <SequencePoint vc="8" uspid="35" ordinal="18" sl="35" sc="1" el="35" ec="2" bec="2" bev="2" fileid="75" />
                <SequencePoint vc="1" uspid="36" ordinal="19" sl="36" sc="1" el="36" ec="2" bec="0" bev="0" fileid="75" />
                <SequencePoint vc="2" uspid="37" ordinal="20" sl="37" sc="1" el="37" ec="2" bec="0" bev="0" fileid="75" />
                <SequencePoint vc="1" uspid="38" ordinal="21" sl="38" sc="1" el="38" ec="2" bec="0" bev="0" fileid="75" />
                <SequencePoint vc="1" uspid="39" ordinal="22" sl="39" sc="1" el="39" ec="2" bec="0" bev="0" fileid="75" />
                <SequencePoint vc="1" uspid="40" ordinal="23" sl="40" sc="1" el="40" ec="2" bec="0" bev="0" fileid="75" />
                <SequencePoint vc="1" uspid="41" ordinal="24" sl="41" sc="1" el="41" ec="2" bec="0" bev="0" fileid="75" />
                <SequencePoint vc="2" uspid="42" ordinal="25" sl="42" sc="1" el="42" ec="2" bec="0" bev="0" fileid="75" />
              </SequencePoints>
              <BranchPoints>
                <BranchPoint vc="1" uspid="14" ordinal="1" path="1" offset="270" offsetend="80" sl="14" fileid="75" />
                <BranchPoint vc="2" uspid="14" ordinal="0" path="0" offset="270" offsetend="275" sl="14" fileid="75" />
                <BranchPoint vc="1" uspid="35" ordinal="3" path="1" offset="408" offsetend="305" sl="35" fileid="75" />
                <BranchPoint vc="2" uspid="35" ordinal="2" path="0" offset="408" offsetend="410" sl="35" fileid="75" />
              </BranchPoints>
              <MethodPoint vc="26" uspid="0" p8:type="SequencePoint" ordinal="0" offset="0" sc="0" sl="10" ec="1" el="42" bec="0" bev="0" fileid="75" xmlns:p8="xsi" />
            </Method>
            <Method cyclomaticComplexity="8" nPathComplexity="8" sequenceCoverage="100" branchCoverage="87.5" isConstructor="False" isGetter="False" isSetter="False" isStatic="True">
              <Summary numSequencePoints="18" visitedSequencePoints="18" numBranchPoints="8" visitedBranchPoints="7" sequenceCoverage="100" branchCoverage="87.5" maxCyclomaticComplexity="8" minCyclomaticComplexity="8" visitedClasses="0" numClasses="0" visitedMethods="1" numMethods="1" />
              <MetadataToken />
              <Name>System.Void RGBDS2CIL.Restructure::RestructureIfs(System.Collections.Generic.List`1&lt;RGBDS2CIL.IAsmLine&gt;)</Name>
              <FileRef uid="75" />
              <SequencePoints>
                <SequencePoint vc="6" uspid="45" ordinal="0" sl="45" sc="1" el="45" ec="2" bec="0" bev="0" fileid="75" />
                <SequencePoint vc="13" uspid="46" ordinal="1" sl="46" sc="1" el="46" ec="2" bec="2" bev="1" fileid="75" />
                <SequencePoint vc="6" uspid="47" ordinal="2" sl="47" sc="1" el="47" ec="2" bec="2" bev="2" fileid="75" />
                <SequencePoint vc="3" uspid="48" ordinal="3" sl="48" sc="1" el="48" ec="2" bec="0" bev="0" fileid="75" />
                <SequencePoint vc="3" uspid="49" ordinal="4" sl="49" sc="1" el="49" ec="2" bec="0" bev="0" fileid="75" />
                <SequencePoint vc="8" uspid="50" ordinal="5" sl="50" sc="1" el="50" ec="2" bec="0" bev="0" fileid="75" />
                <SequencePoint vc="3" uspid="51" ordinal="6" sl="51" sc="1" el="51" ec="2" bec="0" bev="0" fileid="75" />
                <SequencePoint vc="12" uspid="52" ordinal="7" sl="52" sc="1" el="52" ec="2" bec="0" bev="0" fileid="75" />
                <SequencePoint vc="3" uspid="53" ordinal="8" sl="53" sc="1" el="53" ec="2" bec="0" bev="0" fileid="75" />
                <SequencePoint vc="3" uspid="55" ordinal="9" sl="55" sc="1" el="55" ec="2" bec="2" bev="2" fileid="75" />
                <SequencePoint vc="3" uspid="56" ordinal="10" sl="56" sc="1" el="56" ec="2" bec="0" bev="0" fileid="75" />
                <SequencePoint vc="3" uspid="57" ordinal="11" sl="57" sc="1" el="57" ec="2" bec="0" bev="0" fileid="75" />
                <SequencePoint vc="3" uspid="58" ordinal="12" sl="58" sc="1" el="58" ec="2" bec="0" bev="0" fileid="75" />
                <SequencePoint vc="106" uspid="59" ordinal="13" sl="59" sc="1" el="59" ec="2" bec="2" bev="2" fileid="75" />
                <SequencePoint vc="3" uspid="60" ordinal="14" sl="60" sc="1" el="60" ec="2" bec="0" bev="0" fileid="75" />
                <SequencePoint vc="3" uspid="62" ordinal="15" sl="62" sc="1" el="62" ec="2" bec="0" bev="0" fileid="75" />
                <SequencePoint vc="3" uspid="63" ordinal="16" sl="63" sc="1" el="63" ec="2" bec="0" bev="0" fileid="75" />
                <SequencePoint vc="6" uspid="64" ordinal="17" sl="64" sc="1" el="64" ec="2" bec="0" bev="0" fileid="75" />
              </SequencePoints>
              <BranchPoints>
                <BranchPoint vc="3" uspid="47" ordinal="0" path="0" offset="66" offsetend="71" sl="47" fileid="75" />
                <BranchPoint vc="3" uspid="55" ordinal="2" path="0" offset="174" offsetend="176" sl="55" fileid="75" />
                <BranchPoint vc="3" uspid="55" ordinal="3" path="1" offset="174" offsetend="232" sl="55" fileid="75" />
                <BranchPoint vc="6" uspid="47" ordinal="1" path="1" offset="66" offsetend="240" sl="47" fileid="75" />
                <BranchPoint vc="7" uspid="46" ordinal="0" path="0" offset="6" offsetend="8" sl="46" fileid="75" />
                <BranchPoint vc="0" uspid="46" ordinal="1" path="1" offset="6" offsetend="24" sl="46" fileid="75" />
                <BranchPoint vc="12" uspid="59" ordinal="0" path="0" offset="36" offsetend="38" sl="59" fileid="75" />
                <BranchPoint vc="11" uspid="59" ordinal="1" path="1" offset="36" offsetend="72" sl="59" fileid="75" />
              </BranchPoints>
              <MethodPoint vc="18" uspid="0" p8:type="SequencePoint" ordinal="1" offset="1" sc="0" sl="45" ec="1" el="64" bec="0" bev="0" fileid="75" xmlns:p8="xsi" />
            </Method>
            <Method cyclomaticComplexity="6" nPathComplexity="6" sequenceCoverage="22.22" branchCoverage="16.66" isConstructor="False" isGetter="False" isSetter="False" isStatic="True">
              <Summary numSequencePoints="18" visitedSequencePoints="4" numBranchPoints="6" visitedBranchPoints="1" sequenceCoverage="22.22" branchCoverage="16.66" maxCyclomaticComplexity="6" minCyclomaticComplexity="6" visitedClasses="0" numClasses="0" visitedMethods="1" numMethods="1" />
              <MetadataToken />
              <Name>System.Void RGBDS2CIL.Restructure::RestructureRepeats(System.Collections.Generic.List`1&lt;RGBDS2CIL.IAsmLine&gt;)</Name>
              <FileRef uid="75" />
              <SequencePoints>
                <SequencePoint vc="4" uspid="67" ordinal="0" sl="67" sc="1" el="67" ec="2" bec="0" bev="0" fileid="75" />
                <SequencePoint vc="4" uspid="68" ordinal="1" sl="68" sc="1" el="68" ec="2" bec="0" bev="0" fileid="75" />
                <SequencePoint vc="4" uspid="69" ordinal="2" sl="69" sc="1" el="69" ec="2" bec="2" bev="1" fileid="75" />
                <SequencePoint vc="0" uspid="70" ordinal="3" sl="70" sc="1" el="70" ec="2" bec="0" bev="0" fileid="75" />
                <SequencePoint vc="0" uspid="71" ordinal="4" sl="71" sc="1" el="71" ec="2" bec="0" bev="0" fileid="75" />
                <SequencePoint vc="0" uspid="72" ordinal="5" sl="72" sc="1" el="72" ec="2" bec="0" bev="0" fileid="75" />
                <SequencePoint vc="0" uspid="73" ordinal="6" sl="73" sc="1" el="73" ec="2" bec="0" bev="0" fileid="75" />
                <SequencePoint vc="0" uspid="74" ordinal="7" sl="74" sc="1" el="74" ec="2" bec="0" bev="0" fileid="75" />
                <SequencePoint vc="0" uspid="75" ordinal="8" sl="75" sc="1" el="75" ec="2" bec="0" bev="0" fileid="75" />
                <SequencePoint vc="0" uspid="77" ordinal="9" sl="77" sc="1" el="77" ec="2" bec="2" bev="0" fileid="75" />
                <SequencePoint vc="0" uspid="78" ordinal="10" sl="78" sc="1" el="78" ec="2" bec="0" bev="0" fileid="75" />
                <SequencePoint vc="0" uspid="79" ordinal="11" sl="79" sc="1" el="79" ec="2" bec="0" bev="0" fileid="75" />
                <SequencePoint vc="0" uspid="80" ordinal="12" sl="80" sc="1" el="80" ec="2" bec="0" bev="0" fileid="75" />
                <SequencePoint vc="0" uspid="81" ordinal="13" sl="81" sc="1" el="81" ec="2" bec="2" bev="0" fileid="75" />
                <SequencePoint vc="0" uspid="82" ordinal="14" sl="82" sc="1" el="82" ec="2" bec="0" bev="0" fileid="75" />
                <SequencePoint vc="0" uspid="84" ordinal="15" sl="84" sc="1" el="84" ec="2" bec="0" bev="0" fileid="75" />
                <SequencePoint vc="0" uspid="85" ordinal="16" sl="85" sc="1" el="85" ec="2" bec="0" bev="0" fileid="75" />
                <SequencePoint vc="4" uspid="86" ordinal="17" sl="86" sc="1" el="86" ec="2" bec="0" bev="0" fileid="75" />
              </SequencePoints>
              <BranchPoints>
                <BranchPoint vc="0" uspid="69" ordinal="0" path="0" offset="66" offsetend="71" sl="69" fileid="75" />
                <BranchPoint vc="0" uspid="77" ordinal="2" path="0" offset="174" offsetend="176" sl="77" fileid="75" />
                <BranchPoint vc="0" uspid="77" ordinal="3" path="1" offset="174" offsetend="232" sl="77" fileid="75" />
                <BranchPoint vc="4" uspid="69" ordinal="1" path="1" offset="66" offsetend="240" sl="69" fileid="75" />
                <BranchPoint vc="0" uspid="81" ordinal="0" path="0" offset="36" offsetend="38" sl="81" fileid="75" />
                <BranchPoint vc="0" uspid="81" ordinal="1" path="1" offset="36" offsetend="72" sl="81" fileid="75" />
              </BranchPoints>
              <MethodPoint vc="4" uspid="0" p8:type="SequencePoint" ordinal="2" offset="2" sc="0" sl="67" ec="1" el="86" bec="0" bev="0" fileid="75" xmlns:p8="xsi" />
            </Method>
          </Methods>
        </Class>
      </Classes>
    </Module>
  </Modules>
</CoverageSession>